#
# A fatal error has been detected by the Java Runtime Environment:
#
#  EXCEPTION_ACCESS_VIOLATION (0xc0000005) at pc=0x00000000644414a8, pid=27848, tid=36808
#
# JRE version: Java(TM) SE Runtime Environment (17.0.5+9) (build 17.0.5+9-LTS-191)
# Java VM: Java HotSpot(TM) 64-Bit Server VM (17.0.5+9-LTS-191, mixed mode, sharing, tiered, compressed oops, compressed class ptrs, g1 gc, windows-amd64)
# Problematic frame:
# C  [RotationLib.dll+0x14a8]
#
# No core dump will be written. Minidumps are not enabled by default on client versions of Windows
#
# If you would like to submit a bug report, please visit:
#   https://bugreport.java.com/bugreport/crash.jsp
# The crash happened outside the Java Virtual Machine in native code.
# See problematic frame for where to report the bug.
#

---------------  S U M M A R Y ------------

Command Line: -javaagent:C:\Program Files\JetBrains\IntelliJ IDEA Community Edition 2022.3.3\lib\idea_rt.jar=55642:C:\Program Files\JetBrains\IntelliJ IDEA Community Edition 2022.3.3\bin -Dfile.encoding=UTF-8 com.iiitb.imageEffectApplication.ImageEffectApplication

Host: Intel(R) Core(TM) i7-10510U CPU @ 1.80GHz, 8 cores, 15G,  Windows 11 , 64 bit Build 22621 (10.0.22621.2506)
Time: Mon Jan  1 14:11:12 2024 India Standard Time elapsed time: 81.089230 seconds (0d 0h 1m 21s)

---------------  T H R E A D  ---------------

Current thread (0x000001bcf662b3a0):  JavaThread "http-nio-8000-exec-2" daemon [_thread_in_native, id=36808, stack(0x000000aca5900000,0x000000aca5a00000)]

Stack: [0x000000aca5900000,0x000000aca5a00000],  sp=0x000000aca59fd2c0,  free space=1012k
Native frames: (J=compiled Java code, j=interpreted, Vv=VM code, C=native code)
C  [RotationLib.dll+0x14a8]

Java frames: (J=compiled Java code, j=interpreted, Vv=VM code)
j  libraryInterfaces.RotationInterface.applyRotation([[LlibraryInterfaces/Pixel;I)[[LlibraryInterfaces/Pixel;+0
j  com.iiitb.imageEffectApplication.effectImplementation.RotationEffect.apply([[LlibraryInterfaces/Pixel;Ljava/lang/String;Lcom/iiitb/imageEffectApplication/service/LoggingService;)[[LlibraryInterfaces/Pixel;+13
j  com.iiitb.imageEffectApplication.service.PhotoEffectService.applyRotationEffect(ILorg/springframework/web/multipart/MultipartFile;)Lorg/springframework/http/ResponseEntity;+49
j  com.iiitb.imageEffectApplication.controller.PhotoController.applyRotationEffect(ILorg/springframework/web/multipart/MultipartFile;)Lorg/springframework/http/ResponseEntity;+6
v  ~StubRoutines::call_stub
J 4079  jdk.internal.reflect.NativeMethodAccessorImpl.invoke0(Ljava/lang/reflect/Method;Ljava/lang/Object;[Ljava/lang/Object;)Ljava/lang/Object; java.base@17.0.5 (0 bytes) @ 0x000001bcdcc59b27 [0x000001bcdcc59aa0+0x0000000000000087]
J 4078 c1 jdk.internal.reflect.NativeMethodAccessorImpl.invoke(Ljava/lang/Object;[Ljava/lang/Object;)Ljava/lang/Object; java.base@17.0.5 (137 bytes) @ 0x000001bcd5cd96ec [0x000001bcd5cd8ce0+0x0000000000000a0c]
J 4001 c1 jdk.internal.reflect.DelegatingMethodAccessorImpl.invoke(Ljava/lang/Object;[Ljava/lang/Object;)Ljava/lang/Object; java.base@17.0.5 (10 bytes) @ 0x000001bcd5cb234c [0x000001bcd5cb2240+0x000000000000010c]
J 4007 c1 java.lang.reflect.Method.invoke(Ljava/lang/Object;[Ljava/lang/Object;)Ljava/lang/Object; java.base@17.0.5 (65 bytes) @ 0x000001bcd5cb39c4 [0x000001bcd5cb3680+0x0000000000000344]
j  org.springframework.web.method.support.InvocableHandlerMethod.doInvoke([Ljava/lang/Object;)Ljava/lang/Object;+29
j  org.springframework.web.method.support.InvocableHandlerMethod.invokeForRequest(Lorg/springframework/web/context/request/NativeWebRequest;Lorg/springframework/web/method/support/ModelAndViewContainer;[Ljava/lang/Object;)Ljava/lang/Object;+41
j  org.springframework.web.servlet.mvc.method.annotation.ServletInvocableHandlerMethod.invokeAndHandle(Lorg/springframework/web/context/request/ServletWebRequest;Lorg/springframework/web/method/support/ModelAndViewContainer;[Ljava/lang/Object;)V+4
j  org.springframework.web.servlet.mvc.method.annotation.RequestMappingHandlerAdapter.invokeHandlerMethod(Ljakarta/servlet/http/HttpServletRequest;Ljakarta/servlet/http/HttpServletResponse;Lorg/springframework/web/method/HandlerMethod;)Lorg/springframework/web/servlet/ModelAndView;+244
j  org.springframework.web.servlet.mvc.method.annotation.RequestMappingHandlerAdapter.handleInternal(Ljakarta/servlet/http/HttpServletRequest;Ljakarta/servlet/http/HttpServletResponse;Lorg/springframework/web/method/HandlerMethod;)Lorg/springframework/web/servlet/ModelAndView;+81
j  org.springframework.web.servlet.mvc.method.AbstractHandlerMethodAdapter.handle(Ljakarta/servlet/http/HttpServletRequest;Ljakarta/servlet/http/HttpServletResponse;Ljava/lang/Object;)Lorg/springframework/web/servlet/ModelAndView;+7
j  org.springframework.web.servlet.DispatcherServlet.doDispatch(Ljakarta/servlet/http/HttpServletRequest;Ljakarta/servlet/http/HttpServletResponse;)V+259
j  org.springframework.web.servlet.DispatcherServlet.doService(Ljakarta/servlet/http/HttpServletRequest;Ljakarta/servlet/http/HttpServletResponse;)V+242
j  org.springframework.web.servlet.FrameworkServlet.processRequest(Ljakarta/servlet/http/HttpServletRequest;Ljakarta/servlet/http/HttpServletResponse;)V+70
j  org.springframework.web.servlet.FrameworkServlet.doPost(Ljakarta/servlet/http/HttpServletRequest;Ljakarta/servlet/http/HttpServletResponse;)V+3
j  jakarta.servlet.http.HttpServlet.service(Ljakarta/servlet/http/HttpServletRequest;Ljakarta/servlet/http/HttpServletResponse;)V+149
j  org.springframework.web.servlet.FrameworkServlet.service(Ljakarta/servlet/http/HttpServletRequest;Ljakarta/servlet/http/HttpServletResponse;)V+20
j  jakarta.servlet.http.HttpServlet.service(Ljakarta/servlet/ServletRequest;Ljakarta/servlet/ServletResponse;)V+36
j  org.apache.catalina.core.ApplicationFilterChain.internalDoFilter(Ljakarta/servlet/ServletRequest;Ljakarta/servlet/ServletResponse;)V+305
j  org.apache.catalina.core.ApplicationFilterChain.doFilter(Ljakarta/servlet/ServletRequest;Ljakarta/servlet/ServletResponse;)V+99
j  org.apache.tomcat.websocket.server.WsFilter.doFilter(Ljakarta/servlet/ServletRequest;Ljakarta/servlet/ServletResponse;Ljakarta/servlet/FilterChain;)V+21
j  org.apache.catalina.core.ApplicationFilterChain.internalDoFilter(Ljakarta/servlet/ServletRequest;Ljakarta/servlet/ServletResponse;)V+135
j  org.apache.catalina.core.ApplicationFilterChain.doFilter(Ljakarta/servlet/ServletRequest;Ljakarta/servlet/ServletResponse;)V+99
j  org.springframework.web.filter.CharacterEncodingFilter.doFilterInternal(Ljakarta/servlet/http/HttpServletRequest;Ljakarta/servlet/http/HttpServletResponse;Ljakarta/servlet/FilterChain;)V+53
j  org.springframework.web.filter.OncePerRequestFilter.doFilter(Ljakarta/servlet/ServletRequest;Ljakarta/servlet/ServletResponse;Ljakarta/servlet/FilterChain;)V+150
j  org.apache.catalina.core.ApplicationFilterChain.internalDoFilter(Ljakarta/servlet/ServletRequest;Ljakarta/servlet/ServletResponse;)V+135
j  org.apache.catalina.core.ApplicationFilterChain.doFilter(Ljakarta/servlet/ServletRequest;Ljakarta/servlet/ServletResponse;)V+99
j  org.apache.catalina.core.StandardWrapperValve.invoke(Lorg/apache/catalina/connector/Request;Lorg/apache/catalina/connector/Response;)V+514
j  org.apache.catalina.core.StandardContextValve.invoke(Lorg/apache/catalina/connector/Request;Lorg/apache/catalina/connector/Response;)V+169
j  org.apache.catalina.authenticator.AuthenticatorBase.invoke(Lorg/apache/catalina/connector/Request;Lorg/apache/catalina/connector/Response;)V+218
j  org.apache.catalina.core.StandardHostValve.invoke(Lorg/apache/catalina/connector/Request;Lorg/apache/catalina/connector/Response;)V+131
j  org.apache.catalina.valves.ErrorReportValve.invoke(Lorg/apache/catalina/connector/Request;Lorg/apache/catalina/connector/Response;)V+6
j  org.apache.catalina.core.StandardEngineValve.invoke(Lorg/apache/catalina/connector/Request;Lorg/apache/catalina/connector/Response;)V+59
j  org.apache.catalina.connector.CoyoteAdapter.service(Lorg/apache/coyote/Request;Lorg/apache/coyote/Response;)V+187
j  org.apache.coyote.http11.Http11Processor.service(Lorg/apache/tomcat/util/net/SocketWrapperBase;)Lorg/apache/tomcat/util/net/AbstractEndpoint$Handler$SocketState;+785
j  org.apache.coyote.AbstractProcessorLight.process(Lorg/apache/tomcat/util/net/SocketWrapperBase;Lorg/apache/tomcat/util/net/SocketEvent;)Lorg/apache/tomcat/util/net/AbstractEndpoint$Handler$SocketState;+152
j  org.apache.coyote.AbstractProtocol$ConnectionHandler.process(Lorg/apache/tomcat/util/net/SocketWrapperBase;Lorg/apache/tomcat/util/net/SocketEvent;)Lorg/apache/tomcat/util/net/AbstractEndpoint$Handler$SocketState;+482
j  org.apache.tomcat.util.net.NioEndpoint$SocketProcessor.doRun()V+249
j  org.apache.tomcat.util.net.SocketProcessorBase.run()V+32
j  org.apache.tomcat.util.threads.ThreadPoolExecutor.runWorker(Lorg/apache/tomcat/util/threads/ThreadPoolExecutor$Worker;)V+92
j  org.apache.tomcat.util.threads.ThreadPoolExecutor$Worker.run()V+5
j  org.apache.tomcat.util.threads.TaskThread$WrappingRunnable.run()V+4
j  java.lang.Thread.run()V+11 java.base@17.0.5
v  ~StubRoutines::call_stub

siginfo: EXCEPTION_ACCESS_VIOLATION (0xc0000005), reading address 0x0000001400000014


Register to memory mapping:

RIP=0x00000000644414a8 RotationLib.dll
RAX=0x000001bcfbed8550 points into unknown readable memory: 0x0000001f0000001f | 1f 00 00 00 1f 00 00 00
RBX=0x0000001400000014 is an unknown value
RCX=0x000001bcfbed2010 points into unknown readable memory: 0x000000170000003b | 3b 00 00 00 17 00 00 00
RDX=0x0000000000000870 is an unknown value
RSP=0x000000aca59fd2c0 is pointing into the stack for thread: 0x000001bcf662b3a0
RBP=0x000000aca59fd300 is pointing into the stack for thread: 0x000001bcf662b3a0
RSI=0x0000000000000870 is an unknown value
RDI=0x0000000000000011 is an unknown value
R8 =0x000001bcfdf626d0 points into unknown readable memory: 0x0000000000000000 | 00 00 00 00 00 00 00 00
R9 =0x0000000000000001 is an unknown value
R10=0x000001bccb680000 points into unknown readable memory: 0x0000000000000000 | 00 00 00 00 00 00 00 00
R11=0x000000aca59fd190 is pointing into the stack for thread: 0x000001bcf662b3a0
R12=0x0 is NULL
R13=0x000001bcf9f2e3a8 is pointing into metadata
R14=0x000000aca59fd4e8 is pointing into the stack for thread: 0x000001bcf662b3a0
R15=0x000001bcf662b3a0 is a thread


Registers:
RAX=0x000001bcfbed8550, RBX=0x0000001400000014, RCX=0x000001bcfbed2010, RDX=0x0000000000000870
RSP=0x000000aca59fd2c0, RBP=0x000000aca59fd300, RSI=0x0000000000000870, RDI=0x0000000000000011
R8 =0x000001bcfdf626d0, R9 =0x0000000000000001, R10=0x000001bccb680000, R11=0x000000aca59fd190
R12=0x0000000000000000, R13=0x000001bcf9f2e3a8, R14=0x000000aca59fd4e8, R15=0x000001bcf662b3a0
RIP=0x00000000644414a8, EFLAGS=0x0000000000010206

Top of Stack: (sp=0x000000aca59fd2c0)
0x000000aca59fd2c0:   000001bc84c4e710 0000000000000870
0x000000aca59fd2d0:   0000000000001000 000000aca59fd310
0x000000aca59fd2e0:   0000001fa59fd310 0000001f0000001f
0x000000aca59fd2f0:   0000087000000f00 0000000000000870
0x000000aca59fd300:   000001bcf9f2e3b8 00000000000001ee
0x000000aca59fd310:   000000aca59fd3a0 0000000064441823
0x000000aca59fd320:   000000aca59fd370 000001bc00000000
0x000000aca59fd330:   0000000000000052 0000000064447011
0x000000aca59fd340:   0000004900000000 0000001300000013
0x000000aca59fd350:   000001bcf2be1a10 000001bcf2bece10
0x000000aca59fd360:   000001bcf2beda10 000000aca59fd3d8
0x000000aca59fd370:   000001bc84c4e710 000001bc84c5b190
0x000000aca59fd380:   000001bc84c66710 0000000000000000
0x000000aca59fd390:   000000aca59fd380 0000000800af5fcb
0x000000aca59fd3a0:   000000aca59fd3e8 0000000800403ec8
0x000000aca59fd3b0:   0000000000000000 0000001303486f40 

Instructions: (pc=0x00000000644414a8)
0x00000000644413a8:   90 90 90 90 90 90 90 90 55 56 53 48 89 e5 48 83
0x00000000644413b8:   ec 40 48 89 4d 20 89 55 28 48 8b 4d 20 e8 c6 26
0x00000000644413c8:   00 00 89 45 f4 ba 00 00 00 00 48 8b 4d 20 e8 75
0x00000000644413d8:   3b 00 00 48 89 c1 e8 3d 25 00 00 89 45 f0 8b 45
0x00000000644413e8:   28 8d 50 ff 89 55 28 85 c0 0f 95 c0 84 c0 0f 84
0x00000000644413f8:   c9 01 00 00 c7 45 fc 00 00 00 00 8b 45 f4 89 c2
0x0000000064441408:   c1 ea 1f 01 d0 d1 f8 39 45 fc 7d d2 8b 45 fc 89
0x0000000064441418:   45 f8 8b 45 f0 2b 45 fc 83 e8 01 39 45 f8 0f 8d
0x0000000064441428:   90 01 00 00 8b 45 f8 48 63 d8 8b 45 fc 48 98 48
0x0000000064441438:   89 c2 48 8b 4d 20 e8 0d 3b 00 00 48 89 da 48 89
0x0000000064441448:   c1 e8 12 37 00 00 48 8b 10 48 89 55 e4 8b 40 08
0x0000000064441458:   89 45 ec 8b 45 fc 48 63 d8 8b 45 f4 83 e8 01 2b
0x0000000064441468:   45 f8 48 98 48 89 c2 48 8b 4d 20 e8 d8 3a 00 00
0x0000000064441478:   48 89 da 48 89 c1 e8 dd 36 00 00 48 89 c3 8b 45
0x0000000064441488:   f8 48 63 f0 8b 45 fc 48 98 48 89 c2 48 8b 4d 20
0x0000000064441498:   e8 b3 3a 00 00 48 89 f2 48 89 c1 e8 b8 36 00 00
0x00000000644414a8:   48 8b 13 48 89 10 8b 53 08 89 50 08 8b 45 f0 83
0x00000000644414b8:   e8 01 2b 45 f8 48 63 d8 8b 45 f4 83 e8 01 2b 45
0x00000000644414c8:   fc 48 98 48 89 c2 48 8b 4d 20 e8 79 3a 00 00 48
0x00000000644414d8:   89 da 48 89 c1 e8 7e 36 00 00 48 89 c3 8b 45 fc
0x00000000644414e8:   48 63 f0 8b 45 f4 83 e8 01 2b 45 f8 48 98 48 89
0x00000000644414f8:   c2 48 8b 4d 20 e8 4e 3a 00 00 48 89 f2 48 89 c1
0x0000000064441508:   e8 53 36 00 00 48 8b 13 48 89 10 8b 53 08 89 50
0x0000000064441518:   08 8b 45 f0 83 e8 01 2b 45 fc 48 63 d8 8b 45 f8
0x0000000064441528:   48 98 48 89 c2 48 8b 4d 20 e8 1a 3a 00 00 48 89
0x0000000064441538:   da 48 89 c1 e8 1f 36 00 00 48 89 c3 8b 45 f0 83
0x0000000064441548:   e8 01 2b 45 f8 48 63 f0 8b 45 f4 83 e8 01 2b 45
0x0000000064441558:   fc 48 98 48 89 c2 48 8b 4d 20 e8 e9 39 00 00 48
0x0000000064441568:   89 f2 48 89 c1 e8 ee 35 00 00 48 8b 13 48 89 10
0x0000000064441578:   8b 53 08 89 50 08 8b 45 f4 83 e8 01 2b 45 fc 48
0x0000000064441588:   63 d8 8b 45 f8 48 98 48 89 c2 48 8b 4d 20 e8 b5
0x0000000064441598:   39 00 00 48 89 da 48 89 c1 e8 ba 35 00 00 48 8b 


Stack slot to memory mapping:
stack at sp + 0 slots: 0x000001bc84c4e710 points into unknown readable memory: 0x000001bcfbed2010 | 10 20 ed fb bc 01 00 00
stack at sp + 1 slots: 0x0000000000000870 is an unknown value
stack at sp + 2 slots: 0x0000000000001000 is an unknown value
stack at sp + 3 slots: 0x000000aca59fd310 is pointing into the stack for thread: 0x000001bcf662b3a0
stack at sp + 4 slots: 0x0000001fa59fd310 is an unknown value
stack at sp + 5 slots: 0x0000001f0000001f is an unknown value
stack at sp + 6 slots: 0x0000087000000f00 is an unknown value
stack at sp + 7 slots: 0x0000000000000870 is an unknown value


---------------  P R O C E S S  ---------------

Threads class SMR info:
_java_thread_list=0x000001bcf1ea21b0, length=33, elements={
0x000001bcf02a84e0, 0x000001bcf02ab360, 0x000001bcf02bd090, 0x000001bcf02bec50,
0x000001bcf02c0e20, 0x000001bcf02cc100, 0x000001bcf02cea40, 0x000001bcf0c01b40,
0x000001bcf0c0c4d0, 0x000001bcf0d061d0, 0x000001bcf0d04e90, 0x000001bcf0d08850,
0x000001bcf0d079e0, 0x000001bcf0d05d00, 0x000001bcf0d07040, 0x000001bcf0d066a0,
0x000001bcf0d07510, 0x000001bcf0d08380, 0x000001bcf0d05360, 0x000001bcf0d05830,
0x000001bcf662b3a0, 0x000001bcf662c210, 0x000001bcf662f230, 0x000001bcf662f700,
0x000001bcf662bd40, 0x000001bcf662e3c0, 0x000001bcf662cbb0, 0x000001bcf6630570,
0x000001bcf662b870, 0x000001bcf662a060, 0x000001bcf662aed0, 0x000001bcf662a530,
0x000001bcf662da20
}

Java Threads: ( => current thread )
  0x000001bcf02a84e0 JavaThread "Reference Handler" daemon [_thread_blocked, id=28912, stack(0x000000aca3900000,0x000000aca3a00000)]
  0x000001bcf02ab360 JavaThread "Finalizer" daemon [_thread_blocked, id=30776, stack(0x000000aca3a00000,0x000000aca3b00000)]
  0x000001bcf02bd090 JavaThread "Signal Dispatcher" daemon [_thread_blocked, id=17228, stack(0x000000aca3b00000,0x000000aca3c00000)]
  0x000001bcf02bec50 JavaThread "Attach Listener" daemon [_thread_blocked, id=33580, stack(0x000000aca3c00000,0x000000aca3d00000)]
  0x000001bcf02c0e20 JavaThread "Service Thread" daemon [_thread_blocked, id=332, stack(0x000000aca3d00000,0x000000aca3e00000)]
  0x000001bcf02cc100 JavaThread "Monitor Deflation Thread" daemon [_thread_blocked, id=6752, stack(0x000000aca3e00000,0x000000aca3f00000)]
  0x000001bcf02cea40 JavaThread "C2 CompilerThread0" daemon [_thread_blocked, id=9816, stack(0x000000aca3f00000,0x000000aca4000000)]
  0x000001bcf0c01b40 JavaThread "C1 CompilerThread0" daemon [_thread_blocked, id=31536, stack(0x000000aca4000000,0x000000aca4100000)]
  0x000001bcf0c0c4d0 JavaThread "Sweeper thread" daemon [_thread_blocked, id=31888, stack(0x000000aca4100000,0x000000aca4200000)]
  0x000001bcf0d061d0 JavaThread "Common-Cleaner" daemon [_thread_blocked, id=21472, stack(0x000000aca4200000,0x000000aca4300000)]
  0x000001bcf0d04e90 JavaThread "Monitor Ctrl-Break" daemon [_thread_in_native, id=11908, stack(0x000000aca4500000,0x000000aca4600000)]
  0x000001bcf0d08850 JavaThread "Notification Thread" daemon [_thread_blocked, id=30748, stack(0x000000aca4600000,0x000000aca4700000)]
  0x000001bcf0d079e0 JavaThread "Catalina-utility-1" [_thread_blocked, id=3096, stack(0x000000aca5000000,0x000000aca5100000)]
  0x000001bcf0d05d00 JavaThread "Catalina-utility-2" [_thread_blocked, id=2460, stack(0x000000aca5100000,0x000000aca5200000)]
  0x000001bcf0d07040 JavaThread "container-0" [_thread_blocked, id=1372, stack(0x000000aca5200000,0x000000aca5300000)]
  0x000001bcf0d066a0 JavaThread "MVStore background writer C:/Users/ASUS/Desktop/P2_2023_Test/P2-2023-Project/ImageDB.mv.db" daemon [_thread_blocked, id=21992, stack(0x000000aca5300000,0x000000aca5400000)]
  0x000001bcf0d07510 JavaThread "HikariPool-1 housekeeper" daemon [_thread_blocked, id=31512, stack(0x000000aca5400000,0x000000aca5500000)]
  0x000001bcf0d08380 JavaThread "H2-serialization" daemon [_thread_blocked, id=11260, stack(0x000000aca5600000,0x000000aca5700000)]
  0x000001bcf0d05360 JavaThread "H2-save" daemon [_thread_blocked, id=26352, stack(0x000000aca5700000,0x000000aca5800000)]
  0x000001bcf0d05830 JavaThread "http-nio-8000-exec-1" daemon [_thread_blocked, id=25184, stack(0x000000aca5800000,0x000000aca5900000)]
=>0x000001bcf662b3a0 JavaThread "http-nio-8000-exec-2" daemon [_thread_in_native, id=36808, stack(0x000000aca5900000,0x000000aca5a00000)]
  0x000001bcf662c210 JavaThread "http-nio-8000-exec-3" daemon [_thread_blocked, id=4356, stack(0x000000aca5a00000,0x000000aca5b00000)]
  0x000001bcf662f230 JavaThread "http-nio-8000-exec-4" daemon [_thread_blocked, id=18316, stack(0x000000aca5b00000,0x000000aca5c00000)]
  0x000001bcf662f700 JavaThread "http-nio-8000-exec-5" daemon [_thread_blocked, id=36508, stack(0x000000aca5c00000,0x000000aca5d00000)]
  0x000001bcf662bd40 JavaThread "http-nio-8000-exec-6" daemon [_thread_blocked, id=34900, stack(0x000000aca5d00000,0x000000aca5e00000)]
  0x000001bcf662e3c0 JavaThread "http-nio-8000-exec-7" daemon [_thread_blocked, id=16756, stack(0x000000aca5e00000,0x000000aca5f00000)]
  0x000001bcf662cbb0 JavaThread "http-nio-8000-exec-8" daemon [_thread_blocked, id=33420, stack(0x000000aca5f00000,0x000000aca6000000)]
  0x000001bcf6630570 JavaThread "http-nio-8000-exec-9" daemon [_thread_blocked, id=29204, stack(0x000000aca6000000,0x000000aca6100000)]
  0x000001bcf662b870 JavaThread "http-nio-8000-exec-10" daemon [_thread_blocked, id=28680, stack(0x000000aca6100000,0x000000aca6200000)]
  0x000001bcf662a060 JavaThread "http-nio-8000-Poller" daemon [_thread_in_native, id=32104, stack(0x000000aca6200000,0x000000aca6300000)]
  0x000001bcf662aed0 JavaThread "http-nio-8000-Acceptor" daemon [_thread_in_native, id=25420, stack(0x000000aca6300000,0x000000aca6400000)]
  0x000001bcf662a530 JavaThread "DestroyJavaVM" [_thread_blocked, id=25168, stack(0x000000aca3200000,0x000000aca3300000)]
  0x000001bcf662da20 JavaThread "Java2D Disposer" daemon [_thread_blocked, id=18824, stack(0x000000aca4300000,0x000000aca4400000)]

Other Threads:
  0x000001bcf02a54c0 VMThread "VM Thread" [stack: 0x000000aca3800000,0x000000aca3900000] [id=30616]
  0x000001bccd6fbec0 WatcherThread [stack: 0x000000aca4700000,0x000000aca4800000] [id=26896]
  0x000001bccb4de780 GCTaskThread "GC Thread#0" [stack: 0x000000aca3300000,0x000000aca3400000] [id=25136]
  0x000001bcf140ce00 GCTaskThread "GC Thread#1" [stack: 0x000000aca4800000,0x000000aca4900000] [id=14804]
  0x000001bcf140d4b0 GCTaskThread "GC Thread#2" [stack: 0x000000aca4900000,0x000000aca4a00000] [id=26704]
  0x000001bcf19a9720 GCTaskThread "GC Thread#3" [stack: 0x000000aca4a00000,0x000000aca4b00000] [id=35964]
  0x000001bcf19a99d0 GCTaskThread "GC Thread#4" [stack: 0x000000aca4b00000,0x000000aca4c00000] [id=18920]
  0x000001bcf19a9c80 GCTaskThread "GC Thread#5" [stack: 0x000000aca4c00000,0x000000aca4d00000] [id=12360]
  0x000001bcf1c4b1e0 GCTaskThread "GC Thread#6" [stack: 0x000000aca4e00000,0x000000aca4f00000] [id=21832]
  0x000001bcf1dbac60 GCTaskThread "GC Thread#7" [stack: 0x000000aca4f00000,0x000000aca5000000] [id=8012]
  0x000001bccd6e2950 ConcurrentGCThread "G1 Main Marker" [stack: 0x000000aca3400000,0x000000aca3500000] [id=5544]
  0x000001bccd6e3360 ConcurrentGCThread "G1 Conc#0" [stack: 0x000000aca3500000,0x000000aca3600000] [id=17952]
  0x000001bcf20a7a40 ConcurrentGCThread "G1 Conc#1" [stack: 0x000000aca4d00000,0x000000aca4e00000] [id=15928]
  0x000001bcf0161150 ConcurrentGCThread "G1 Refine#0" [stack: 0x000000aca3600000,0x000000aca3700000] [id=16780]
  0x000001bcf0161980 ConcurrentGCThread "G1 Service" [stack: 0x000000aca3700000,0x000000aca3800000] [id=36348]

Threads with active compile tasks:

VM state: not at safepoint (normal execution)

VM Mutex/Monitor currently owned by a thread: None

Heap address: 0x0000000703200000, size: 4046 MB, Compressed Oops mode: Zero based, Oop shift amount: 3

CDS archive(s) mapped at: [0x0000000800000000-0x0000000800bd0000-0x0000000800bd0000), size 12386304, SharedBaseAddress: 0x0000000800000000, ArchiveRelocationMode: 0.
Compressed class space mapped at: 0x0000000800c00000-0x0000000840c00000, reserved size: 1073741824
Narrow klass base: 0x0000000800000000, Narrow klass shift: 0, Narrow klass range: 0x100000000

GC Precious Log:
 CPUs: 8 total, 8 available
 Memory: 16182M
 Large Page Support: Disabled
 NUMA Support: Disabled
 Compressed Oops: Enabled (Zero based)
 Heap Region Size: 2M
 Heap Min Capacity: 8M
 Heap Initial Capacity: 254M
 Heap Max Capacity: 4046M
 Pre-touch: Disabled
 Parallel Workers: 8
 Concurrent Workers: 2
 Concurrent Refinement Workers: 8
 Periodic GC: Disabled

Heap:
 garbage-first heap   total 536576K, used 335369K [0x0000000703200000, 0x0000000800000000)
  region size 2048K, 34 young (69632K), 7 survivors (14336K)
 Metaspace       used 62207K, committed 62720K, reserved 1105920K
  class space    used 8434K, committed 8640K, reserved 1048576K

Heap Regions: E=young(eden), S=young(survivor), O=old, HS=humongous(starts), HC=humongous(continues), CS=collection set, F=free, OA=open archive, CA=closed archive, TAMS=top-at-mark-start (previous, next)
|   0|0x0000000703200000, 0x0000000703400000, 0x0000000703400000|100%| O|  |TAMS 0x0000000703400000, 0x0000000703200000| Untracked 
|   1|0x0000000703400000, 0x0000000703600000, 0x0000000703600000|100%| O|  |TAMS 0x0000000703600000, 0x0000000703400000| Untracked 
|   2|0x0000000703600000, 0x00000007037fdc00, 0x0000000703800000| 99%| O|  |TAMS 0x00000007037fdc00, 0x0000000703600000| Untracked 
|   3|0x0000000703800000, 0x0000000703a00000, 0x0000000703a00000|100%| O|  |TAMS 0x0000000703a00000, 0x0000000703800000| Untracked 
|   4|0x0000000703a00000, 0x0000000703c00000, 0x0000000703c00000|100%|HS|  |TAMS 0x0000000703c00000, 0x0000000703a00000| Complete 
|   5|0x0000000703c00000, 0x0000000703d84a00, 0x0000000703e00000| 75%| O|  |TAMS 0x0000000703d84a00, 0x0000000703c00000| Untracked 
|   6|0x0000000703e00000, 0x0000000704000000, 0x0000000704000000|100%| O|  |TAMS 0x0000000703e00000, 0x0000000703e00000| Untracked 
|   7|0x0000000704000000, 0x0000000704200000, 0x0000000704200000|100%| O|  |TAMS 0x0000000704000000, 0x0000000704000000| Untracked 
|   8|0x0000000704200000, 0x0000000704400000, 0x0000000704400000|100%| O|  |TAMS 0x0000000704200000, 0x0000000704200000| Untracked 
|   9|0x0000000704400000, 0x0000000704600000, 0x0000000704600000|100%| O|  |TAMS 0x0000000704600000, 0x0000000704400000| Untracked 
|  10|0x0000000704600000, 0x0000000704800000, 0x0000000704800000|100%| O|  |TAMS 0x0000000704800000, 0x0000000704600000| Untracked 
|  11|0x0000000704800000, 0x0000000704a00000, 0x0000000704a00000|100%| O|  |TAMS 0x0000000704a00000, 0x0000000704800000| Untracked 
|  12|0x0000000704a00000, 0x0000000704c00000, 0x0000000704c00000|100%| O|  |TAMS 0x0000000704c00000, 0x0000000704a00000| Untracked 
|  13|0x0000000704c00000, 0x0000000704e00000, 0x0000000704e00000|100%| O|  |TAMS 0x0000000704e00000, 0x0000000704c00000| Untracked 
|  14|0x0000000704e00000, 0x0000000705000000, 0x0000000705000000|100%| O|  |TAMS 0x0000000704e00000, 0x0000000704e00000| Untracked 
|  15|0x0000000705000000, 0x0000000705200000, 0x0000000705200000|100%| O|  |TAMS 0x0000000705000000, 0x0000000705000000| Untracked 
|  16|0x0000000705200000, 0x0000000705400000, 0x0000000705400000|100%| O|  |TAMS 0x0000000705200000, 0x0000000705200000| Untracked 
|  17|0x0000000705400000, 0x0000000705600000, 0x0000000705600000|100%| O|  |TAMS 0x0000000705400000, 0x0000000705400000| Untracked 
|  18|0x0000000705600000, 0x0000000705800000, 0x0000000705800000|100%| O|  |TAMS 0x0000000705600000, 0x0000000705600000| Untracked 
|  19|0x0000000705800000, 0x0000000705a00000, 0x0000000705a00000|100%| O|  |TAMS 0x0000000705a00000, 0x0000000705800000| Untracked 
|  20|0x0000000705a00000, 0x0000000705c00000, 0x0000000705c00000|100%| O|  |TAMS 0x0000000705c00000, 0x0000000705a00000| Untracked 
|  21|0x0000000705c00000, 0x0000000705e00000, 0x0000000705e00000|100%| O|  |TAMS 0x0000000705e00000, 0x0000000705c00000| Untracked 
|  22|0x0000000705e00000, 0x0000000706000000, 0x0000000706000000|100%| O|  |TAMS 0x0000000705e00000, 0x0000000705e00000| Untracked 
|  23|0x0000000706000000, 0x0000000706200000, 0x0000000706200000|100%| O|  |TAMS 0x0000000706000000, 0x0000000706000000| Untracked 
|  24|0x0000000706200000, 0x0000000706400000, 0x0000000706400000|100%| O|  |TAMS 0x0000000706400000, 0x0000000706200000| Untracked 
|  25|0x0000000706400000, 0x0000000706600000, 0x0000000706600000|100%| O|  |TAMS 0x0000000706400000, 0x0000000706400000| Untracked 
|  26|0x0000000706600000, 0x0000000706800000, 0x0000000706800000|100%| O|  |TAMS 0x0000000706600000, 0x0000000706600000| Untracked 
|  27|0x0000000706800000, 0x0000000706a00000, 0x0000000706a00000|100%| O|  |TAMS 0x0000000706800000, 0x0000000706800000| Untracked 
|  28|0x0000000706a00000, 0x0000000706c00000, 0x0000000706c00000|100%| O|  |TAMS 0x0000000706a00000, 0x0000000706a00000| Untracked 
|  29|0x0000000706c00000, 0x0000000706e00000, 0x0000000706e00000|100%| O|  |TAMS 0x0000000706e00000, 0x0000000706c00000| Untracked 
|  30|0x0000000706e00000, 0x0000000707000000, 0x0000000707000000|100%| O|  |TAMS 0x0000000706e00000, 0x0000000706e00000| Untracked 
|  31|0x0000000707000000, 0x0000000707200000, 0x0000000707200000|100%| O|  |TAMS 0x0000000707000000, 0x0000000707000000| Untracked 
|  32|0x0000000707200000, 0x0000000707400000, 0x0000000707400000|100%| O|  |TAMS 0x0000000707200000, 0x0000000707200000| Untracked 
|  33|0x0000000707400000, 0x0000000707600000, 0x0000000707600000|100%| O|  |TAMS 0x0000000707400000, 0x0000000707400000| Untracked 
|  34|0x0000000707600000, 0x0000000707800000, 0x0000000707800000|100%| O|  |TAMS 0x0000000707600000, 0x0000000707600000| Untracked 
|  35|0x0000000707800000, 0x0000000707a00000, 0x0000000707a00000|100%| O|  |TAMS 0x0000000707800000, 0x0000000707800000| Untracked 
|  36|0x0000000707a00000, 0x0000000707c00000, 0x0000000707c00000|100%| O|  |TAMS 0x0000000707a00000, 0x0000000707a00000| Untracked 
|  37|0x0000000707c00000, 0x0000000707e00000, 0x0000000707e00000|100%| O|  |TAMS 0x0000000707c00000, 0x0000000707c00000| Untracked 
|  38|0x0000000707e00000, 0x0000000708000000, 0x0000000708000000|100%|HS|  |TAMS 0x0000000708000000, 0x0000000707e00000| Complete 
|  39|0x0000000708000000, 0x0000000708200000, 0x0000000708200000|100%|HC|  |TAMS 0x0000000708200000, 0x0000000708000000| Complete 
|  40|0x0000000708200000, 0x0000000708400000, 0x0000000708400000|100%| O|  |TAMS 0x0000000708400000, 0x0000000708200000| Untracked 
|  41|0x0000000708400000, 0x0000000708600000, 0x0000000708600000|100%| O|  |TAMS 0x0000000708600000, 0x0000000708400000| Untracked 
|  42|0x0000000708600000, 0x0000000708800000, 0x0000000708800000|100%|HS|  |TAMS 0x0000000708800000, 0x0000000708600000| Complete 
|  43|0x0000000708800000, 0x0000000708a00000, 0x0000000708a00000|100%|HC|  |TAMS 0x0000000708a00000, 0x0000000708800000| Complete 
|  44|0x0000000708a00000, 0x0000000708c00000, 0x0000000708c00000|100%|HC|  |TAMS 0x0000000708c00000, 0x0000000708a00000| Complete 
|  45|0x0000000708c00000, 0x0000000708e00000, 0x0000000708e00000|100%|HC|  |TAMS 0x0000000708e00000, 0x0000000708c00000| Complete 
|  46|0x0000000708e00000, 0x0000000709000000, 0x0000000709000000|100%|HC|  |TAMS 0x0000000709000000, 0x0000000708e00000| Complete 
|  47|0x0000000709000000, 0x0000000709200000, 0x0000000709200000|100%|HC|  |TAMS 0x0000000709200000, 0x0000000709000000| Complete 
|  48|0x0000000709200000, 0x0000000709400000, 0x0000000709400000|100%|HC|  |TAMS 0x0000000709400000, 0x0000000709200000| Complete 
|  49|0x0000000709400000, 0x0000000709600000, 0x0000000709600000|100%|HC|  |TAMS 0x0000000709600000, 0x0000000709400000| Complete 
|  50|0x0000000709600000, 0x0000000709800000, 0x0000000709800000|100%|HC|  |TAMS 0x0000000709800000, 0x0000000709600000| Complete 
|  51|0x0000000709800000, 0x0000000709a00000, 0x0000000709a00000|100%|HC|  |TAMS 0x0000000709a00000, 0x0000000709800000| Complete 
|  52|0x0000000709a00000, 0x0000000709c00000, 0x0000000709c00000|100%|HC|  |TAMS 0x0000000709c00000, 0x0000000709a00000| Complete 
|  53|0x0000000709c00000, 0x0000000709e00000, 0x0000000709e00000|100%|HC|  |TAMS 0x0000000709e00000, 0x0000000709c00000| Complete 
|  54|0x0000000709e00000, 0x000000070a000000, 0x000000070a000000|100%|HC|  |TAMS 0x000000070a000000, 0x0000000709e00000| Complete 
|  55|0x000000070a000000, 0x000000070a200000, 0x000000070a200000|100%|HC|  |TAMS 0x000000070a200000, 0x000000070a000000| Complete 
|  56|0x000000070a200000, 0x000000070a400000, 0x000000070a400000|100%|HC|  |TAMS 0x000000070a400000, 0x000000070a200000| Complete 
|  57|0x000000070a400000, 0x000000070a600000, 0x000000070a600000|100%|HC|  |TAMS 0x000000070a600000, 0x000000070a400000| Complete 
|  58|0x000000070a600000, 0x000000070a800000, 0x000000070a800000|100%| O|  |TAMS 0x000000070a800000, 0x000000070a600000| Untracked 
|  59|0x000000070a800000, 0x000000070aa00000, 0x000000070aa00000|100%| O|  |TAMS 0x000000070aa00000, 0x000000070a800000| Untracked 
|  60|0x000000070aa00000, 0x000000070ac00000, 0x000000070ac00000|100%| O|  |TAMS 0x000000070ac00000, 0x000000070aa00000| Untracked 
|  61|0x000000070ac00000, 0x000000070ae00000, 0x000000070ae00000|100%| O|  |TAMS 0x000000070ae00000, 0x000000070ac00000| Untracked 
|  62|0x000000070ae00000, 0x000000070b000000, 0x000000070b000000|100%| O|  |TAMS 0x000000070b000000, 0x000000070ae00000| Untracked 
|  63|0x000000070b000000, 0x000000070b200000, 0x000000070b200000|100%| O|  |TAMS 0x000000070b05c400, 0x000000070b000000| Untracked 
|  64|0x000000070b200000, 0x000000070b400000, 0x000000070b400000|100%| O|  |TAMS 0x000000070b200000, 0x000000070b200000| Untracked 
|  65|0x000000070b400000, 0x000000070b600000, 0x000000070b600000|100%| O|  |TAMS 0x000000070b400000, 0x000000070b400000| Untracked 
|  66|0x000000070b600000, 0x000000070b800000, 0x000000070b800000|100%| O|  |TAMS 0x000000070b600000, 0x000000070b600000| Untracked 
|  67|0x000000070b800000, 0x000000070ba00000, 0x000000070ba00000|100%| O|  |TAMS 0x000000070b800000, 0x000000070b800000| Untracked 
|  68|0x000000070ba00000, 0x000000070bc00000, 0x000000070bc00000|100%| O|  |TAMS 0x000000070ba00000, 0x000000070ba00000| Untracked 
|  69|0x000000070bc00000, 0x000000070be00000, 0x000000070be00000|100%| O|  |TAMS 0x000000070bc00000, 0x000000070bc00000| Untracked 
|  70|0x000000070be00000, 0x000000070c000000, 0x000000070c000000|100%| O|  |TAMS 0x000000070be00000, 0x000000070be00000| Untracked 
|  71|0x000000070c000000, 0x000000070c200000, 0x000000070c200000|100%| O|  |TAMS 0x000000070c000000, 0x000000070c000000| Untracked 
|  72|0x000000070c200000, 0x000000070c400000, 0x000000070c400000|100%| O|  |TAMS 0x000000070c200000, 0x000000070c200000| Untracked 
|  73|0x000000070c400000, 0x000000070c600000, 0x000000070c600000|100%| O|  |TAMS 0x000000070c400000, 0x000000070c400000| Untracked 
|  74|0x000000070c600000, 0x000000070c800000, 0x000000070c800000|100%| O|  |TAMS 0x000000070c600000, 0x000000070c600000| Untracked 
|  75|0x000000070c800000, 0x000000070ca00000, 0x000000070ca00000|100%| O|  |TAMS 0x000000070c800000, 0x000000070c800000| Untracked 
|  76|0x000000070ca00000, 0x000000070cc00000, 0x000000070cc00000|100%| O|  |TAMS 0x000000070ca00000, 0x000000070ca00000| Untracked 
|  77|0x000000070cc00000, 0x000000070ce00000, 0x000000070ce00000|100%| O|  |TAMS 0x000000070cc00000, 0x000000070cc00000| Untracked 
|  78|0x000000070ce00000, 0x000000070d000000, 0x000000070d000000|100%| O|  |TAMS 0x000000070ce00000, 0x000000070ce00000| Untracked 
|  79|0x000000070d000000, 0x000000070d200000, 0x000000070d200000|100%| O|  |TAMS 0x000000070d000000, 0x000000070d000000| Untracked 
|  80|0x000000070d200000, 0x000000070d400000, 0x000000070d400000|100%| O|  |TAMS 0x000000070d200000, 0x000000070d200000| Untracked 
|  81|0x000000070d400000, 0x000000070d600000, 0x000000070d600000|100%| O|  |TAMS 0x000000070d400000, 0x000000070d400000| Untracked 
|  82|0x000000070d600000, 0x000000070d800000, 0x000000070d800000|100%| O|  |TAMS 0x000000070d600000, 0x000000070d600000| Untracked 
|  83|0x000000070d800000, 0x000000070da00000, 0x000000070da00000|100%| O|  |TAMS 0x000000070d800000, 0x000000070d800000| Untracked 
|  84|0x000000070da00000, 0x000000070dc00000, 0x000000070dc00000|100%| O|  |TAMS 0x000000070da00000, 0x000000070da00000| Untracked 
|  85|0x000000070dc00000, 0x000000070de00000, 0x000000070de00000|100%| O|  |TAMS 0x000000070dc00000, 0x000000070dc00000| Untracked 
|  86|0x000000070de00000, 0x000000070e000000, 0x000000070e000000|100%| O|  |TAMS 0x000000070de00000, 0x000000070de00000| Untracked 
|  87|0x000000070e000000, 0x000000070e200000, 0x000000070e200000|100%| O|  |TAMS 0x000000070e000000, 0x000000070e000000| Untracked 
|  88|0x000000070e200000, 0x000000070e400000, 0x000000070e400000|100%| O|  |TAMS 0x000000070e200000, 0x000000070e200000| Untracked 
|  89|0x000000070e400000, 0x000000070e600000, 0x000000070e600000|100%| O|  |TAMS 0x000000070e400000, 0x000000070e400000| Untracked 
|  90|0x000000070e600000, 0x000000070e800000, 0x000000070e800000|100%| O|  |TAMS 0x000000070e600000, 0x000000070e600000| Untracked 
|  91|0x000000070e800000, 0x000000070ea00000, 0x000000070ea00000|100%| O|  |TAMS 0x000000070e800000, 0x000000070e800000| Untracked 
|  92|0x000000070ea00000, 0x000000070ec00000, 0x000000070ec00000|100%| O|  |TAMS 0x000000070ea00000, 0x000000070ea00000| Untracked 
|  93|0x000000070ec00000, 0x000000070ee00000, 0x000000070ee00000|100%| O|  |TAMS 0x000000070ec00000, 0x000000070ec00000| Untracked 
|  94|0x000000070ee00000, 0x000000070f000000, 0x000000070f000000|100%| O|  |TAMS 0x000000070ee00000, 0x000000070ee00000| Untracked 
|  95|0x000000070f000000, 0x000000070f200000, 0x000000070f200000|100%| O|  |TAMS 0x000000070f000000, 0x000000070f000000| Untracked 
|  96|0x000000070f200000, 0x000000070f400000, 0x000000070f400000|100%| O|  |TAMS 0x000000070f200000, 0x000000070f200000| Untracked 
|  97|0x000000070f400000, 0x000000070f600000, 0x000000070f600000|100%| O|  |TAMS 0x000000070f400000, 0x000000070f400000| Untracked 
|  98|0x000000070f600000, 0x000000070f800000, 0x000000070f800000|100%| O|  |TAMS 0x000000070f600000, 0x000000070f600000| Untracked 
|  99|0x000000070f800000, 0x000000070fa00000, 0x000000070fa00000|100%| O|  |TAMS 0x000000070f800000, 0x000000070f800000| Untracked 
| 100|0x000000070fa00000, 0x000000070fc00000, 0x000000070fc00000|100%| O|  |TAMS 0x000000070fa00000, 0x000000070fa00000| Untracked 
| 101|0x000000070fc00000, 0x000000070fe00000, 0x000000070fe00000|100%| O|  |TAMS 0x000000070fc00000, 0x000000070fc00000| Untracked 
| 102|0x000000070fe00000, 0x0000000710000000, 0x0000000710000000|100%| O|  |TAMS 0x000000070fe00000, 0x000000070fe00000| Untracked 
| 103|0x0000000710000000, 0x0000000710200000, 0x0000000710200000|100%| O|  |TAMS 0x0000000710000000, 0x0000000710000000| Untracked 
| 104|0x0000000710200000, 0x0000000710400000, 0x0000000710400000|100%| O|  |TAMS 0x0000000710200000, 0x0000000710200000| Untracked 
| 105|0x0000000710400000, 0x0000000710600000, 0x0000000710600000|100%| O|  |TAMS 0x0000000710400000, 0x0000000710400000| Untracked 
| 106|0x0000000710600000, 0x0000000710800000, 0x0000000710800000|100%| O|  |TAMS 0x0000000710600000, 0x0000000710600000| Untracked 
| 107|0x0000000710800000, 0x0000000710a00000, 0x0000000710a00000|100%| O|  |TAMS 0x0000000710800000, 0x0000000710800000| Untracked 
| 108|0x0000000710a00000, 0x0000000710c00000, 0x0000000710c00000|100%| O|  |TAMS 0x0000000710a00000, 0x0000000710a00000| Untracked 
| 109|0x0000000710c00000, 0x0000000710e00000, 0x0000000710e00000|100%| O|  |TAMS 0x0000000710c00000, 0x0000000710c00000| Untracked 
| 110|0x0000000710e00000, 0x0000000711000000, 0x0000000711000000|100%| O|  |TAMS 0x0000000710e00000, 0x0000000710e00000| Untracked 
| 111|0x0000000711000000, 0x0000000711200000, 0x0000000711200000|100%| O|  |TAMS 0x0000000711000000, 0x0000000711000000| Untracked 
| 112|0x0000000711200000, 0x0000000711400000, 0x0000000711400000|100%| O|  |TAMS 0x0000000711200000, 0x0000000711200000| Untracked 
| 113|0x0000000711400000, 0x0000000711600000, 0x0000000711600000|100%| O|  |TAMS 0x0000000711400000, 0x0000000711400000| Untracked 
| 114|0x0000000711600000, 0x0000000711800000, 0x0000000711800000|100%| O|  |TAMS 0x0000000711600000, 0x0000000711600000| Untracked 
| 115|0x0000000711800000, 0x0000000711a00000, 0x0000000711a00000|100%| O|  |TAMS 0x0000000711800000, 0x0000000711800000| Untracked 
| 116|0x0000000711a00000, 0x0000000711c00000, 0x0000000711c00000|100%| O|  |TAMS 0x0000000711a00000, 0x0000000711a00000| Untracked 
| 117|0x0000000711c00000, 0x0000000711e00000, 0x0000000711e00000|100%| O|  |TAMS 0x0000000711c00000, 0x0000000711c00000| Untracked 
| 118|0x0000000711e00000, 0x0000000712000000, 0x0000000712000000|100%| O|  |TAMS 0x0000000711e00000, 0x0000000711e00000| Untracked 
| 119|0x0000000712000000, 0x0000000712200000, 0x0000000712200000|100%| O|  |TAMS 0x0000000712000000, 0x0000000712000000| Untracked 
| 120|0x0000000712200000, 0x0000000712400000, 0x0000000712400000|100%| O|  |TAMS 0x0000000712200000, 0x0000000712200000| Untracked 
| 121|0x0000000712400000, 0x0000000712600000, 0x0000000712600000|100%| O|  |TAMS 0x0000000712400000, 0x0000000712400000| Untracked 
| 122|0x0000000712600000, 0x0000000712800000, 0x0000000712800000|100%| O|  |TAMS 0x0000000712600000, 0x0000000712600000| Untracked 
| 123|0x0000000712800000, 0x0000000712a00000, 0x0000000712a00000|100%| O|  |TAMS 0x0000000712800000, 0x0000000712800000| Untracked 
| 124|0x0000000712a00000, 0x0000000712c00000, 0x0000000712c00000|100%| O|  |TAMS 0x0000000712a00000, 0x0000000712a00000| Untracked 
| 125|0x0000000712c00000, 0x0000000712e00000, 0x0000000712e00000|100%| O|  |TAMS 0x0000000712c00000, 0x0000000712c00000| Untracked 
| 126|0x0000000712e00000, 0x0000000713000000, 0x0000000713000000|100%| O|  |TAMS 0x0000000712e00000, 0x0000000712e00000| Untracked 
| 127|0x0000000713000000, 0x0000000713200000, 0x0000000713200000|100%| O|  |TAMS 0x0000000713000000, 0x0000000713000000| Untracked 
| 128|0x0000000713200000, 0x0000000713400000, 0x0000000713400000|100%| O|  |TAMS 0x0000000713200000, 0x0000000713200000| Untracked 
| 129|0x0000000713400000, 0x0000000713600000, 0x0000000713600000|100%| O|  |TAMS 0x0000000713400000, 0x0000000713400000| Untracked 
| 130|0x0000000713600000, 0x0000000713600000, 0x0000000713800000|  0%| F|  |TAMS 0x0000000713600000, 0x0000000713600000| Untracked 
| 131|0x0000000713800000, 0x0000000713800000, 0x0000000713a00000|  0%| F|  |TAMS 0x0000000713800000, 0x0000000713800000| Untracked 
| 132|0x0000000713a00000, 0x0000000713a00000, 0x0000000713c00000|  0%| F|  |TAMS 0x0000000713a00000, 0x0000000713a00000| Untracked 
| 133|0x0000000713c00000, 0x0000000713c00000, 0x0000000713e00000|  0%| F|  |TAMS 0x0000000713c00000, 0x0000000713c00000| Untracked 
| 134|0x0000000713e00000, 0x0000000713e00000, 0x0000000714000000|  0%| F|  |TAMS 0x0000000713e00000, 0x0000000713e00000| Untracked 
| 135|0x0000000714000000, 0x0000000714000000, 0x0000000714200000|  0%| F|  |TAMS 0x0000000714000000, 0x0000000714000000| Untracked 
| 136|0x0000000714200000, 0x0000000714200000, 0x0000000714400000|  0%| F|  |TAMS 0x0000000714200000, 0x0000000714200000| Untracked 
| 137|0x0000000714400000, 0x0000000714400000, 0x0000000714600000|  0%| F|  |TAMS 0x0000000714400000, 0x0000000714400000| Untracked 
| 138|0x0000000714600000, 0x0000000714600000, 0x0000000714800000|  0%| F|  |TAMS 0x0000000714600000, 0x0000000714600000| Untracked 
| 139|0x0000000714800000, 0x0000000714800000, 0x0000000714a00000|  0%| F|  |TAMS 0x0000000714800000, 0x0000000714800000| Untracked 
| 140|0x0000000714a00000, 0x0000000714a00000, 0x0000000714c00000|  0%| F|  |TAMS 0x0000000714a00000, 0x0000000714a00000| Untracked 
| 141|0x0000000714c00000, 0x0000000714c00000, 0x0000000714e00000|  0%| F|  |TAMS 0x0000000714c00000, 0x0000000714c00000| Untracked 
| 142|0x0000000714e00000, 0x0000000714e00000, 0x0000000715000000|  0%| F|  |TAMS 0x0000000714e00000, 0x0000000714e00000| Untracked 
| 143|0x0000000715000000, 0x0000000715000000, 0x0000000715200000|  0%| F|  |TAMS 0x0000000715000000, 0x0000000715000000| Untracked 
| 144|0x0000000715200000, 0x0000000715200000, 0x0000000715400000|  0%| F|  |TAMS 0x0000000715200000, 0x0000000715200000| Untracked 
| 145|0x0000000715400000, 0x0000000715400000, 0x0000000715600000|  0%| F|  |TAMS 0x0000000715400000, 0x0000000715400000| Untracked 
| 146|0x0000000715600000, 0x0000000715600000, 0x0000000715800000|  0%| F|  |TAMS 0x0000000715600000, 0x0000000715600000| Untracked 
| 147|0x0000000715800000, 0x0000000715800000, 0x0000000715a00000|  0%| F|  |TAMS 0x0000000715800000, 0x0000000715800000| Untracked 
| 148|0x0000000715a00000, 0x0000000715a00000, 0x0000000715c00000|  0%| F|  |TAMS 0x0000000715a00000, 0x0000000715a00000| Untracked 
| 149|0x0000000715c00000, 0x0000000715c00000, 0x0000000715e00000|  0%| F|  |TAMS 0x0000000715c00000, 0x0000000715c00000| Untracked 
| 150|0x0000000715e00000, 0x0000000715e00000, 0x0000000716000000|  0%| F|  |TAMS 0x0000000715e00000, 0x0000000715e00000| Untracked 
| 151|0x0000000716000000, 0x0000000716000000, 0x0000000716200000|  0%| F|  |TAMS 0x0000000716000000, 0x0000000716000000| Untracked 
| 152|0x0000000716200000, 0x0000000716200000, 0x0000000716400000|  0%| F|  |TAMS 0x0000000716200000, 0x0000000716200000| Untracked 
| 153|0x0000000716400000, 0x0000000716400000, 0x0000000716600000|  0%| F|  |TAMS 0x0000000716400000, 0x0000000716400000| Untracked 
| 154|0x0000000716600000, 0x0000000716600000, 0x0000000716800000|  0%| F|  |TAMS 0x0000000716600000, 0x0000000716600000| Untracked 
| 155|0x0000000716800000, 0x0000000716800000, 0x0000000716a00000|  0%| F|  |TAMS 0x0000000716800000, 0x0000000716800000| Untracked 
| 156|0x0000000716a00000, 0x0000000716a00000, 0x0000000716c00000|  0%| F|  |TAMS 0x0000000716a00000, 0x0000000716a00000| Untracked 
| 157|0x0000000716c00000, 0x0000000716c00000, 0x0000000716e00000|  0%| F|  |TAMS 0x0000000716c00000, 0x0000000716c00000| Untracked 
| 158|0x0000000716e00000, 0x0000000716e00000, 0x0000000717000000|  0%| F|  |TAMS 0x0000000716e00000, 0x0000000716e00000| Untracked 
| 159|0x0000000717000000, 0x0000000717000000, 0x0000000717200000|  0%| F|  |TAMS 0x0000000717000000, 0x0000000717000000| Untracked 
| 160|0x0000000717200000, 0x0000000717200000, 0x0000000717400000|  0%| F|  |TAMS 0x0000000717200000, 0x0000000717200000| Untracked 
| 161|0x0000000717400000, 0x0000000717400000, 0x0000000717600000|  0%| F|  |TAMS 0x0000000717400000, 0x0000000717400000| Untracked 
| 162|0x0000000717600000, 0x0000000717600000, 0x0000000717800000|  0%| F|  |TAMS 0x0000000717600000, 0x0000000717600000| Untracked 
| 163|0x0000000717800000, 0x0000000717800000, 0x0000000717a00000|  0%| F|  |TAMS 0x0000000717800000, 0x0000000717800000| Untracked 
| 164|0x0000000717a00000, 0x0000000717a00000, 0x0000000717c00000|  0%| F|  |TAMS 0x0000000717a00000, 0x0000000717a00000| Untracked 
| 165|0x0000000717c00000, 0x0000000717c00000, 0x0000000717e00000|  0%| F|  |TAMS 0x0000000717c00000, 0x0000000717c00000| Untracked 
| 166|0x0000000717e00000, 0x0000000717e00000, 0x0000000718000000|  0%| F|  |TAMS 0x0000000717e00000, 0x0000000717e00000| Untracked 
| 167|0x0000000718000000, 0x0000000718000000, 0x0000000718200000|  0%| F|  |TAMS 0x0000000718000000, 0x0000000718000000| Untracked 
| 168|0x0000000718200000, 0x0000000718200000, 0x0000000718400000|  0%| F|  |TAMS 0x0000000718200000, 0x0000000718200000| Untracked 
| 169|0x0000000718400000, 0x0000000718400000, 0x0000000718600000|  0%| F|  |TAMS 0x0000000718400000, 0x0000000718400000| Untracked 
| 170|0x0000000718600000, 0x0000000718600000, 0x0000000718800000|  0%| F|  |TAMS 0x0000000718600000, 0x0000000718600000| Untracked 
| 171|0x0000000718800000, 0x0000000718800000, 0x0000000718a00000|  0%| F|  |TAMS 0x0000000718800000, 0x0000000718800000| Untracked 
| 172|0x0000000718a00000, 0x0000000718a00000, 0x0000000718c00000|  0%| F|  |TAMS 0x0000000718a00000, 0x0000000718a00000| Untracked 
| 173|0x0000000718c00000, 0x0000000718c00000, 0x0000000718e00000|  0%| F|  |TAMS 0x0000000718c00000, 0x0000000718c00000| Untracked 
| 174|0x0000000718e00000, 0x0000000718e00000, 0x0000000719000000|  0%| F|  |TAMS 0x0000000718e00000, 0x0000000718e00000| Untracked 
| 175|0x0000000719000000, 0x0000000719000000, 0x0000000719200000|  0%| F|  |TAMS 0x0000000719000000, 0x0000000719000000| Untracked 
| 176|0x0000000719200000, 0x0000000719200000, 0x0000000719400000|  0%| F|  |TAMS 0x0000000719200000, 0x0000000719200000| Untracked 
| 177|0x0000000719400000, 0x0000000719400000, 0x0000000719600000|  0%| F|  |TAMS 0x0000000719400000, 0x0000000719400000| Untracked 
| 178|0x0000000719600000, 0x0000000719600000, 0x0000000719800000|  0%| F|  |TAMS 0x0000000719600000, 0x0000000719600000| Untracked 
| 179|0x0000000719800000, 0x0000000719800000, 0x0000000719a00000|  0%| F|  |TAMS 0x0000000719800000, 0x0000000719800000| Untracked 
| 180|0x0000000719a00000, 0x0000000719a00000, 0x0000000719c00000|  0%| F|  |TAMS 0x0000000719a00000, 0x0000000719a00000| Untracked 
| 181|0x0000000719c00000, 0x0000000719c00000, 0x0000000719e00000|  0%| F|  |TAMS 0x0000000719c00000, 0x0000000719c00000| Untracked 
| 182|0x0000000719e00000, 0x0000000719e00000, 0x000000071a000000|  0%| F|  |TAMS 0x0000000719e00000, 0x0000000719e00000| Untracked 
| 183|0x000000071a000000, 0x000000071a000000, 0x000000071a200000|  0%| F|  |TAMS 0x000000071a000000, 0x000000071a000000| Untracked 
| 184|0x000000071a200000, 0x000000071a200000, 0x000000071a400000|  0%| F|  |TAMS 0x000000071a200000, 0x000000071a200000| Untracked 
| 185|0x000000071a400000, 0x000000071a400000, 0x000000071a600000|  0%| F|  |TAMS 0x000000071a400000, 0x000000071a400000| Untracked 
| 186|0x000000071a600000, 0x000000071a600000, 0x000000071a800000|  0%| F|  |TAMS 0x000000071a600000, 0x000000071a600000| Untracked 
| 187|0x000000071a800000, 0x000000071a800000, 0x000000071aa00000|  0%| F|  |TAMS 0x000000071a800000, 0x000000071a800000| Untracked 
| 188|0x000000071aa00000, 0x000000071aa00000, 0x000000071ac00000|  0%| F|  |TAMS 0x000000071aa00000, 0x000000071aa00000| Untracked 
| 189|0x000000071ac00000, 0x000000071ac00000, 0x000000071ae00000|  0%| F|  |TAMS 0x000000071ac00000, 0x000000071ac00000| Untracked 
| 190|0x000000071ae00000, 0x000000071ae00000, 0x000000071b000000|  0%| F|  |TAMS 0x000000071ae00000, 0x000000071ae00000| Untracked 
| 191|0x000000071b000000, 0x000000071b000000, 0x000000071b200000|  0%| F|  |TAMS 0x000000071b000000, 0x000000071b000000| Untracked 
| 192|0x000000071b200000, 0x000000071b200000, 0x000000071b400000|  0%| F|  |TAMS 0x000000071b200000, 0x000000071b200000| Untracked 
| 193|0x000000071b400000, 0x000000071b400000, 0x000000071b600000|  0%| F|  |TAMS 0x000000071b400000, 0x000000071b400000| Untracked 
| 194|0x000000071b600000, 0x000000071b600000, 0x000000071b800000|  0%| F|  |TAMS 0x000000071b600000, 0x000000071b600000| Untracked 
| 195|0x000000071b800000, 0x000000071b800000, 0x000000071ba00000|  0%| F|  |TAMS 0x000000071b800000, 0x000000071b800000| Untracked 
| 196|0x000000071ba00000, 0x000000071ba00000, 0x000000071bc00000|  0%| F|  |TAMS 0x000000071ba00000, 0x000000071ba00000| Untracked 
| 197|0x000000071bc00000, 0x000000071bc00000, 0x000000071be00000|  0%| F|  |TAMS 0x000000071bc00000, 0x000000071bc00000| Untracked 
| 198|0x000000071be00000, 0x000000071be00000, 0x000000071c000000|  0%| F|  |TAMS 0x000000071be00000, 0x000000071be00000| Untracked 
| 199|0x000000071c000000, 0x000000071c000000, 0x000000071c200000|  0%| F|  |TAMS 0x000000071c000000, 0x000000071c000000| Untracked 
| 200|0x000000071c200000, 0x000000071c200000, 0x000000071c400000|  0%| F|  |TAMS 0x000000071c200000, 0x000000071c200000| Untracked 
| 201|0x000000071c400000, 0x000000071c400000, 0x000000071c600000|  0%| F|  |TAMS 0x000000071c400000, 0x000000071c400000| Untracked 
| 202|0x000000071c600000, 0x000000071c600000, 0x000000071c800000|  0%| F|  |TAMS 0x000000071c600000, 0x000000071c600000| Untracked 
| 203|0x000000071c800000, 0x000000071c800000, 0x000000071ca00000|  0%| F|  |TAMS 0x000000071c800000, 0x000000071c800000| Untracked 
| 204|0x000000071ca00000, 0x000000071ca00000, 0x000000071cc00000|  0%| F|  |TAMS 0x000000071ca00000, 0x000000071ca00000| Untracked 
| 205|0x000000071cc00000, 0x000000071cc00000, 0x000000071ce00000|  0%| F|  |TAMS 0x000000071cc00000, 0x000000071cc00000| Untracked 
| 206|0x000000071ce00000, 0x000000071ce00000, 0x000000071d000000|  0%| F|  |TAMS 0x000000071ce00000, 0x000000071ce00000| Untracked 
| 207|0x000000071d000000, 0x000000071d200000, 0x000000071d200000|100%| S|CS|TAMS 0x000000071d000000, 0x000000071d000000| Complete 
| 208|0x000000071d200000, 0x000000071d400000, 0x000000071d400000|100%| S|CS|TAMS 0x000000071d200000, 0x000000071d200000| Complete 
| 209|0x000000071d400000, 0x000000071d600000, 0x000000071d600000|100%| S|CS|TAMS 0x000000071d400000, 0x000000071d400000| Complete 
| 210|0x000000071d600000, 0x000000071d800000, 0x000000071d800000|100%| S|CS|TAMS 0x000000071d600000, 0x000000071d600000| Complete 
| 211|0x000000071d800000, 0x000000071da00000, 0x000000071da00000|100%| S|CS|TAMS 0x000000071d800000, 0x000000071d800000| Complete 
| 212|0x000000071da00000, 0x000000071dc00000, 0x000000071dc00000|100%| S|CS|TAMS 0x000000071da00000, 0x000000071da00000| Complete 
| 213|0x000000071dc00000, 0x000000071de00000, 0x000000071de00000|100%| S|CS|TAMS 0x000000071dc00000, 0x000000071dc00000| Complete 
| 214|0x000000071de00000, 0x000000071de00000, 0x000000071e000000|  0%| F|  |TAMS 0x000000071de00000, 0x000000071de00000| Untracked 
| 215|0x000000071e000000, 0x000000071e000000, 0x000000071e200000|  0%| F|  |TAMS 0x000000071e000000, 0x000000071e000000| Untracked 
| 216|0x000000071e200000, 0x000000071e200000, 0x000000071e400000|  0%| F|  |TAMS 0x000000071e200000, 0x000000071e200000| Untracked 
| 217|0x000000071e400000, 0x000000071e400000, 0x000000071e600000|  0%| F|  |TAMS 0x000000071e400000, 0x000000071e400000| Untracked 
| 218|0x000000071e600000, 0x000000071e600000, 0x000000071e800000|  0%| F|  |TAMS 0x000000071e600000, 0x000000071e600000| Untracked 
| 219|0x000000071e800000, 0x000000071e800000, 0x000000071ea00000|  0%| F|  |TAMS 0x000000071e800000, 0x000000071e800000| Untracked 
| 220|0x000000071ea00000, 0x000000071ea00000, 0x000000071ec00000|  0%| F|  |TAMS 0x000000071ea00000, 0x000000071ea00000| Untracked 
| 221|0x000000071ec00000, 0x000000071ec00000, 0x000000071ee00000|  0%| F|  |TAMS 0x000000071ec00000, 0x000000071ec00000| Untracked 
| 222|0x000000071ee00000, 0x000000071ee00000, 0x000000071f000000|  0%| F|  |TAMS 0x000000071ee00000, 0x000000071ee00000| Untracked 
| 223|0x000000071f000000, 0x000000071f000000, 0x000000071f200000|  0%| F|  |TAMS 0x000000071f000000, 0x000000071f000000| Untracked 
| 224|0x000000071f200000, 0x000000071f200000, 0x000000071f400000|  0%| F|  |TAMS 0x000000071f200000, 0x000000071f200000| Untracked 
| 225|0x000000071f400000, 0x000000071f400000, 0x000000071f600000|  0%| F|  |TAMS 0x000000071f400000, 0x000000071f400000| Untracked 
| 226|0x000000071f600000, 0x000000071f600000, 0x000000071f800000|  0%| F|  |TAMS 0x000000071f600000, 0x000000071f600000| Untracked 
| 227|0x000000071f800000, 0x000000071f800000, 0x000000071fa00000|  0%| F|  |TAMS 0x000000071f800000, 0x000000071f800000| Untracked 
| 228|0x000000071fa00000, 0x000000071fa00000, 0x000000071fc00000|  0%| F|  |TAMS 0x000000071fa00000, 0x000000071fa00000| Untracked 
| 229|0x000000071fc00000, 0x000000071fc00000, 0x000000071fe00000|  0%| F|  |TAMS 0x000000071fc00000, 0x000000071fc00000| Untracked 
| 230|0x000000071fe00000, 0x000000071fe00000, 0x0000000720000000|  0%| F|  |TAMS 0x000000071fe00000, 0x000000071fe00000| Untracked 
| 231|0x0000000720000000, 0x0000000720000000, 0x0000000720200000|  0%| F|  |TAMS 0x0000000720000000, 0x0000000720000000| Untracked 
| 232|0x0000000720200000, 0x0000000720200000, 0x0000000720400000|  0%| F|  |TAMS 0x0000000720200000, 0x0000000720200000| Untracked 
| 233|0x0000000720400000, 0x0000000720400000, 0x0000000720600000|  0%| F|  |TAMS 0x0000000720400000, 0x0000000720400000| Untracked 
| 234|0x0000000720600000, 0x000000072071d490, 0x0000000720800000| 55%| E|  |TAMS 0x0000000720600000, 0x0000000720600000| Complete 
| 235|0x0000000720800000, 0x0000000720a00000, 0x0000000720a00000|100%| E|CS|TAMS 0x0000000720800000, 0x0000000720800000| Complete 
| 236|0x0000000720a00000, 0x0000000720c00000, 0x0000000720c00000|100%| E|CS|TAMS 0x0000000720a00000, 0x0000000720a00000| Complete 
| 237|0x0000000720c00000, 0x0000000720e00000, 0x0000000720e00000|100%| E|CS|TAMS 0x0000000720c00000, 0x0000000720c00000| Complete 
| 238|0x0000000720e00000, 0x0000000721000000, 0x0000000721000000|100%| E|CS|TAMS 0x0000000720e00000, 0x0000000720e00000| Complete 
| 239|0x0000000721000000, 0x0000000721200000, 0x0000000721200000|100%| E|CS|TAMS 0x0000000721000000, 0x0000000721000000| Complete 
| 240|0x0000000721200000, 0x0000000721400000, 0x0000000721400000|100%| E|CS|TAMS 0x0000000721200000, 0x0000000721200000| Complete 
| 241|0x0000000721400000, 0x0000000721600000, 0x0000000721600000|100%| E|CS|TAMS 0x0000000721400000, 0x0000000721400000| Complete 
| 242|0x0000000721600000, 0x0000000721800000, 0x0000000721800000|100%| E|CS|TAMS 0x0000000721600000, 0x0000000721600000| Complete 
| 243|0x0000000721800000, 0x0000000721a00000, 0x0000000721a00000|100%| E|CS|TAMS 0x0000000721800000, 0x0000000721800000| Complete 
| 244|0x0000000721a00000, 0x0000000721c00000, 0x0000000721c00000|100%| E|CS|TAMS 0x0000000721a00000, 0x0000000721a00000| Complete 
| 245|0x0000000721c00000, 0x0000000721e00000, 0x0000000721e00000|100%| E|CS|TAMS 0x0000000721c00000, 0x0000000721c00000| Complete 
| 246|0x0000000721e00000, 0x0000000722000000, 0x0000000722000000|100%| E|CS|TAMS 0x0000000721e00000, 0x0000000721e00000| Complete 
| 247|0x0000000722000000, 0x0000000722200000, 0x0000000722200000|100%| E|CS|TAMS 0x0000000722000000, 0x0000000722000000| Complete 
| 248|0x0000000722200000, 0x0000000722400000, 0x0000000722400000|100%| E|CS|TAMS 0x0000000722200000, 0x0000000722200000| Complete 
| 249|0x0000000722400000, 0x0000000722600000, 0x0000000722600000|100%| E|CS|TAMS 0x0000000722400000, 0x0000000722400000| Complete 
| 250|0x0000000722600000, 0x0000000722800000, 0x0000000722800000|100%| E|CS|TAMS 0x0000000722600000, 0x0000000722600000| Complete 
| 251|0x0000000722800000, 0x0000000722a00000, 0x0000000722a00000|100%| E|CS|TAMS 0x0000000722800000, 0x0000000722800000| Complete 
| 252|0x0000000722a00000, 0x0000000722c00000, 0x0000000722c00000|100%| E|CS|TAMS 0x0000000722a00000, 0x0000000722a00000| Complete 
| 253|0x0000000722c00000, 0x0000000722e00000, 0x0000000722e00000|100%| E|CS|TAMS 0x0000000722c00000, 0x0000000722c00000| Complete 
| 254|0x0000000722e00000, 0x0000000723000000, 0x0000000723000000|100%| E|CS|TAMS 0x0000000722e00000, 0x0000000722e00000| Complete 
| 255|0x0000000723000000, 0x0000000723200000, 0x0000000723200000|100%| E|CS|TAMS 0x0000000723000000, 0x0000000723000000| Complete 
| 256|0x0000000723200000, 0x0000000723400000, 0x0000000723400000|100%| E|CS|TAMS 0x0000000723200000, 0x0000000723200000| Complete 
| 257|0x0000000723400000, 0x0000000723600000, 0x0000000723600000|100%| E|CS|TAMS 0x0000000723400000, 0x0000000723400000| Complete 
|2019|0x00000007ff800000, 0x00000007ffa00000, 0x00000007ffa00000|100%| O|  |TAMS 0x00000007ffa00000, 0x00000007ff800000| Untracked 
|2020|0x00000007ffa00000, 0x00000007ffc00000, 0x00000007ffc00000|100%| E|CS|TAMS 0x00000007ffa00000, 0x00000007ffa00000| Complete 
|2021|0x00000007ffc00000, 0x00000007ffe00000, 0x00000007ffe00000|100%| E|CS|TAMS 0x00000007ffc00000, 0x00000007ffc00000| Complete 
|2022|0x00000007ffe00000, 0x0000000800000000, 0x0000000800000000|100%| E|CS|TAMS 0x00000007ffe00000, 0x00000007ffe00000| Complete 

Card table byte_map: [0x000001bce49f0000,0x000001bce51e0000] _byte_map_base: 0x000001bce11d7000

Marking Bits (Prev, Next): (CMBitMap*) 0x000001bccd6d1f50, (CMBitMap*) 0x000001bccd6d1f90
 Prev Bits: [0x000001bce59d0000, 0x000001bce9908000)
 Next Bits: [0x000001bce9910000, 0x000001bced848000)

Polling page: 0x000001bccb5c0000

Metaspace:

Usage:
  Non-class:     52.51 MB used.
      Class:      8.24 MB used.
       Both:     60.75 MB used.

Virtual space:
  Non-class space:       56.00 MB reserved,      52.81 MB ( 94%) committed,  7 nodes.
      Class space:        1.00 GB reserved,       8.44 MB ( <1%) committed,  1 nodes.
             Both:        1.05 GB reserved,      61.25 MB (  6%) committed. 

Chunk freelists:
   Non-Class:  2.64 MB
       Class:  3.45 MB
        Both:  6.09 MB

MaxMetaspaceSize: unlimited
CompressedClassSpaceSize: 1.00 GB
Initial GC threshold: 21.00 MB
Current GC threshold: 102.12 MB
CDS: on
MetaspaceReclaimPolicy: balanced
 - commit_granule_bytes: 65536.
 - commit_granule_words: 8192.
 - virtual_space_node_default_size: 1048576.
 - enlarge_chunks_in_place: 1.
 - new_chunks_are_fully_committed: 0.
 - uncommit_free_chunks: 1.
 - use_allocation_guard: 0.
 - handle_deallocations: 1.


Internal statistics:

num_allocs_failed_limit: 9.
num_arena_births: 698.
num_arena_deaths: 0.
num_vsnodes_births: 8.
num_vsnodes_deaths: 0.
num_space_committed: 980.
num_space_uncommitted: 0.
num_chunks_returned_to_freelist: 9.
num_chunks_taken_from_freelist: 2868.
num_chunk_merges: 9.
num_chunk_splits: 2126.
num_chunks_enlarged: 1726.
num_purges: 0.
num_inconsistent_stats: 0.

CodeHeap 'non-profiled nmethods': size=120000Kb used=3394Kb max_used=3394Kb free=116605Kb
 bounds [0x000001bcdc9a0000, 0x000001bcdcd00000, 0x000001bce3ed0000]
CodeHeap 'profiled nmethods': size=120000Kb used=8274Kb max_used=8973Kb free=111726Kb
 bounds [0x000001bcd5470000, 0x000001bcd5d40000, 0x000001bcdc9a0000]
CodeHeap 'non-nmethods': size=5760Kb used=1372Kb max_used=1531Kb free=4387Kb
 bounds [0x000001bcd4ed0000, 0x000001bcd5140000, 0x000001bcd5470000]
 total_blobs=5095 nmethods=4381 adapters=626
 compilation: enabled
              stopped_count=0, restarted_count=0
 full_count=0

Compilation events (20 events):
Event: 76.833 Thread 0x000001bcf0c01b40 5078       2       java.awt.image.ComponentColorModel::extractComponent (499 bytes)
Event: 76.833 Thread 0x000001bcf02cea40 nmethod 5074 0x000001bcdcae1110 code [0x000001bcdcae12a0, 0x000001bcdcae1388]
Event: 76.833 Thread 0x000001bcf0c01b40 nmethod 5078 0x000001bcd54a3810 code [0x000001bcd54a3b00, 0x000001bcd54a46b8]
Event: 76.833 Thread 0x000001bcf02cea40 5079       4       java.awt.image.ComponentColorModel::getRGB (161 bytes)
Event: 76.836 Thread 0x000001bcf02cea40 nmethod 5079 0x000001bcdcb7ad10 code [0x000001bcdcb7aee0, 0x000001bcdcb7b2b0]
Event: 76.836 Thread 0x000001bcf02cea40 5081       4       java.awt.image.ComponentColorModel::extractComponent (499 bytes)
Event: 76.837 Thread 0x000001bcf02cea40 nmethod 5081 0x000001bcdcae0b90 code [0x000001bcdcae0d20, 0x000001bcdcae0ed8]
Event: 76.837 Thread 0x000001bcf02cea40 5080       4       java.awt.image.ComponentColorModel::getAlpha (238 bytes)
Event: 76.838 Thread 0x000001bcf02cea40 nmethod 5080 0x000001bcdcb7a810 code [0x000001bcdcb7a9a0, 0x000001bcdcb7ab38]
Event: 76.839 Thread 0x000001bcf02cea40 5082 %     4       com.iiitb.imageEffectApplication.utils.ProcessingUtils::convertBufferedImageToPixelArray @ 30 (100 bytes)
Event: 76.840 Thread 0x000001bcf3f7de60 nmethod 5077 0x000001bcdcb79710 code [0x000001bcdcb79900, 0x000001bcdcb7a130]
Event: 76.853 Thread 0x000001bcf02cea40 nmethod 5082% 0x000001bcdcbada10 code [0x000001bcdcbadc20, 0x000001bcdcbaea70]
Event: 76.854 Thread 0x000001bcf02cea40 5083       4       com.iiitb.imageEffectApplication.utils.ProcessingUtils::convertBufferedImageToPixelArray (100 bytes)
Event: 76.879 Thread 0x000001bcf02cea40 nmethod 5083 0x000001bcdcbabf90 code [0x000001bcdcbac1a0, 0x000001bcdcbad010]
Event: 78.330 Thread 0x000001bcf0c01b40 5084       3       java.util.concurrent.locks.AbstractQueuedSynchronizer$Node::clearStatus (12 bytes)
Event: 78.330 Thread 0x000001bcf0c01b40 nmethod 5084 0x000001bcd54a5510 code [0x000001bcd54a56c0, 0x000001bcd54a5888]
Event: 78.330 Thread 0x000001bcf0c01b40 5085       3       jdk.internal.misc.Unsafe::putIntOpaque (9 bytes)
Event: 78.331 Thread 0x000001bcf0c01b40 nmethod 5085 0x000001bcd5638690 code [0x000001bcd5638820, 0x000001bcd5638938]
Event: 80.328 Thread 0x000001bcf0c01b40 5086   !   3       java.util.concurrent.locks.AbstractQueuedSynchronizer::acquire (407 bytes)
Event: 80.329 Thread 0x000001bcf0c01b40 nmethod 5086 0x000001bcd54a1110 code [0x000001bcd54a14a0, 0x000001bcd54a2ef8]

GC Heap History (20 events):
Event: 25.405 GC heap before
{Heap before GC invocations=19 (full 0):
 garbage-first heap   total 137216K, used 101897K [0x0000000703200000, 0x0000000800000000)
  region size 2048K, 6 young (12288K), 1 survivors (2048K)
 Metaspace       used 61823K, committed 62336K, reserved 1105920K
  class space    used 8404K, committed 8640K, reserved 1048576K
}
Event: 25.408 GC heap after
{Heap after GC invocations=20 (full 0):
 garbage-first heap   total 268288K, used 92226K [0x0000000703200000, 0x0000000800000000)
  region size 2048K, 1 young (2048K), 1 survivors (2048K)
 Metaspace       used 61823K, committed 62336K, reserved 1105920K
  class space    used 8404K, committed 8640K, reserved 1048576K
}
Event: 76.632 GC heap before
{Heap before GC invocations=21 (full 0):
 garbage-first heap   total 268288K, used 127042K [0x0000000703200000, 0x0000000800000000)
  region size 2048K, 19 young (38912K), 1 survivors (2048K)
 Metaspace       used 62184K, committed 62656K, reserved 1105920K
  class space    used 8434K, committed 8640K, reserved 1048576K
}
Event: 76.633 GC heap after
{Heap after GC invocations=22 (full 0):
 garbage-first heap   total 268288K, used 92872K [0x0000000703200000, 0x0000000800000000)
  region size 2048K, 1 young (2048K), 1 survivors (2048K)
 Metaspace       used 62184K, committed 62656K, reserved 1105920K
  class space    used 8434K, committed 8640K, reserved 1048576K
}
Event: 76.818 GC heap before
{Heap before GC invocations=22 (full 0):
 garbage-first heap   total 268288K, used 176840K [0x0000000703200000, 0x0000000800000000)
  region size 2048K, 27 young (55296K), 1 survivors (2048K)
 Metaspace       used 62199K, committed 62720K, reserved 1105920K
  class space    used 8434K, committed 8640K, reserved 1048576K
}
Event: 76.830 GC heap after
{Heap after GC invocations=23 (full 0):
 garbage-first heap   total 268288K, used 145274K [0x0000000703200000, 0x0000000800000000)
  region size 2048K, 4 young (8192K), 4 survivors (8192K)
 Metaspace       used 62199K, committed 62720K, reserved 1105920K
  class space    used 8434K, committed 8640K, reserved 1048576K
}
Event: 76.854 GC heap before
{Heap before GC invocations=23 (full 0):
 garbage-first heap   total 268288K, used 175994K [0x0000000703200000, 0x0000000800000000)
  region size 2048K, 20 young (40960K), 4 survivors (8192K)
 Metaspace       used 62199K, committed 62720K, reserved 1105920K
  class space    used 8434K, committed 8640K, reserved 1048576K
}
Event: 76.863 GC heap after
{Heap after GC invocations=24 (full 0):
 garbage-first heap   total 268288K, used 167809K [0x0000000703200000, 0x0000000800000000)
  region size 2048K, 3 young (6144K), 3 survivors (6144K)
 Metaspace       used 62199K, committed 62720K, reserved 1105920K
  class space    used 8434K, committed 8640K, reserved 1048576K
}
Event: 76.893 GC heap before
{Heap before GC invocations=24 (full 0):
 garbage-first heap   total 268288K, used 192385K [0x0000000703200000, 0x0000000800000000)
  region size 2048K, 15 young (30720K), 3 survivors (6144K)
 Metaspace       used 62199K, committed 62720K, reserved 1105920K
  class space    used 8434K, committed 8640K, reserved 1048576K
}
Event: 76.900 GC heap after
{Heap after GC invocations=25 (full 0):
 garbage-first heap   total 268288K, used 180276K [0x0000000703200000, 0x0000000800000000)
  region size 2048K, 2 young (4096K), 2 survivors (4096K)
 Metaspace       used 62199K, committed 62720K, reserved 1105920K
  class space    used 8434K, committed 8640K, reserved 1048576K
}
Event: 76.933 GC heap before
{Heap before GC invocations=25 (full 0):
 garbage-first heap   total 268288K, used 151604K [0x0000000703200000, 0x0000000800000000)
  region size 2048K, 12 young (24576K), 2 survivors (4096K)
 Metaspace       used 62199K, committed 62720K, reserved 1105920K
  class space    used 8434K, committed 8640K, reserved 1048576K
}
Event: 76.938 GC heap after
{Heap after GC invocations=26 (full 0):
 garbage-first heap   total 268288K, used 142530K [0x0000000703200000, 0x0000000800000000)
  region size 2048K, 2 young (4096K), 2 survivors (4096K)
 Metaspace       used 62199K, committed 62720K, reserved 1105920K
  class space    used 8434K, committed 8640K, reserved 1048576K
}
Event: 77.006 GC heap before
{Heap before GC invocations=27 (full 0):
 garbage-first heap   total 268288K, used 177346K [0x0000000703200000, 0x0000000800000000)
  region size 2048K, 19 young (38912K), 2 survivors (4096K)
 Metaspace       used 62199K, committed 62720K, reserved 1105920K
  class space    used 8434K, committed 8640K, reserved 1048576K
}
Event: 77.014 GC heap after
{Heap after GC invocations=28 (full 0):
 garbage-first heap   total 536576K, used 161289K [0x0000000703200000, 0x0000000800000000)
  region size 2048K, 3 young (6144K), 3 survivors (6144K)
 Metaspace       used 62199K, committed 62720K, reserved 1105920K
  class space    used 8434K, committed 8640K, reserved 1048576K
}
Event: 77.079 GC heap before
{Heap before GC invocations=28 (full 0):
 garbage-first heap   total 536576K, used 181769K [0x0000000703200000, 0x0000000800000000)
  region size 2048K, 13 young (26624K), 3 survivors (6144K)
 Metaspace       used 62199K, committed 62720K, reserved 1105920K
  class space    used 8434K, committed 8640K, reserved 1048576K
}
Event: 77.085 GC heap after
{Heap after GC invocations=29 (full 0):
 garbage-first heap   total 536576K, used 170542K [0x0000000703200000, 0x0000000800000000)
  region size 2048K, 2 young (4096K), 2 survivors (4096K)
 Metaspace       used 62199K, committed 62720K, reserved 1105920K
  class space    used 8434K, committed 8640K, reserved 1048576K
}
Event: 77.206 GC heap before
{Heap before GC invocations=29 (full 0):
 garbage-first heap   total 536576K, used 289326K [0x0000000703200000, 0x0000000800000000)
  region size 2048K, 60 young (122880K), 2 survivors (4096K)
 Metaspace       used 62199K, committed 62720K, reserved 1105920K
  class space    used 8434K, committed 8640K, reserved 1048576K
}
Event: 77.229 GC heap after
{Heap after GC invocations=30 (full 0):
 garbage-first heap   total 536576K, used 230783K [0x0000000703200000, 0x0000000800000000)
  region size 2048K, 8 young (16384K), 8 survivors (16384K)
 Metaspace       used 62199K, committed 62720K, reserved 1105920K
  class space    used 8434K, committed 8640K, reserved 1048576K
}
Event: 77.304 GC heap before
{Heap before GC invocations=30 (full 0):
 garbage-first heap   total 536576K, used 327039K [0x0000000703200000, 0x0000000800000000)
  region size 2048K, 55 young (112640K), 8 survivors (16384K)
 Metaspace       used 62199K, committed 62720K, reserved 1105920K
  class space    used 8434K, committed 8640K, reserved 1048576K
}
Event: 77.323 GC heap after
{Heap after GC invocations=31 (full 0):
 garbage-first heap   total 536576K, used 282121K [0x0000000703200000, 0x0000000800000000)
  region size 2048K, 7 young (14336K), 7 survivors (14336K)
 Metaspace       used 62199K, committed 62720K, reserved 1105920K
  class space    used 8434K, committed 8640K, reserved 1048576K
}

Deoptimization events (20 events):
Event: 76.810 Thread 0x000001bcf662b3a0 DEOPT PACKING pc=0x000001bcd55d2c9d sp=0x000000aca59fcfd0
Event: 76.810 Thread 0x000001bcf662b3a0 DEOPT UNPACKING pc=0x000001bcd4f22b43 sp=0x000000aca59fc468 mode 0
Event: 76.811 Thread 0x000001bcf662b3a0 DEOPT PACKING pc=0x000001bcd55d2c9d sp=0x000000aca59fcfd0
Event: 76.811 Thread 0x000001bcf662b3a0 DEOPT UNPACKING pc=0x000001bcd4f22b43 sp=0x000000aca59fc468 mode 0
Event: 76.811 Thread 0x000001bcf662b3a0 DEOPT PACKING pc=0x000001bcd55d2c9d sp=0x000000aca59fcfd0
Event: 76.811 Thread 0x000001bcf662b3a0 DEOPT UNPACKING pc=0x000001bcd4f22b43 sp=0x000000aca59fc468 mode 0
Event: 76.831 Thread 0x000001bcf662b3a0 Uncommon trap: trap_request=0xffffff45 fr.pc=0x000001bcdcb98cfc relative=0x000000000000013c
Event: 76.831 Thread 0x000001bcf662b3a0 Uncommon trap: reason=unstable_if action=reinterpret pc=0x000001bcdcb98cfc method=java.awt.image.ComponentColorModel.getRGB(Ljava/lang/Object;)I @ 4 c2
Event: 76.831 Thread 0x000001bcf662b3a0 DEOPT PACKING pc=0x000001bcdcb98cfc sp=0x000000aca59fd370
Event: 76.831 Thread 0x000001bcf662b3a0 DEOPT UNPACKING pc=0x000001bcd4f223a3 sp=0x000000aca59fd320 mode 2
Event: 76.831 Thread 0x000001bcf662b3a0 Uncommon trap: trap_request=0xffffff45 fr.pc=0x000001bcdcaa66e4 relative=0x0000000000000064
Event: 76.831 Thread 0x000001bcf662b3a0 Uncommon trap: reason=unstable_if action=reinterpret pc=0x000001bcdcaa66e4 method=java.awt.image.ComponentColorModel.getAlpha(Ljava/lang/Object;)I @ 4 c2
Event: 76.831 Thread 0x000001bcf662b3a0 DEOPT PACKING pc=0x000001bcdcaa66e4 sp=0x000000aca59fd310
Event: 76.831 Thread 0x000001bcf662b3a0 DEOPT UNPACKING pc=0x000001bcd4f223a3 sp=0x000000aca59fd268 mode 2
Event: 76.831 Thread 0x000001bcf662b3a0 Uncommon trap: trap_request=0xffffff45 fr.pc=0x000001bcdcb99448 relative=0x0000000000000128
Event: 76.831 Thread 0x000001bcf662b3a0 Uncommon trap: reason=unstable_if action=reinterpret pc=0x000001bcdcb99448 method=java.awt.image.ComponentColorModel.extractComponent(Ljava/lang/Object;II)I @ 4 c2
Event: 76.831 Thread 0x000001bcf662b3a0 DEOPT PACKING pc=0x000001bcdcb99448 sp=0x000000aca59fd270
Event: 76.831 Thread 0x000001bcf662b3a0 DEOPT UNPACKING pc=0x000001bcd4f223a3 sp=0x000000aca59fd1b8 mode 2
Event: 76.854 Thread 0x000001bcf662b3a0 DEOPT PACKING pc=0x000001bcd5617c4e sp=0x000000aca59fd450
Event: 76.854 Thread 0x000001bcf662b3a0 DEOPT UNPACKING pc=0x000001bcd4f22b43 sp=0x000000aca59fc928 mode 0

Classes unloaded (0 events):
No events

Classes redefined (0 events):
No events

Internal exceptions (20 events):
Event: 4.882 Thread 0x000001bccd669b20 Exception <a 'java/lang/reflect/InvocationTargetException'{0x0000000708ef01e0}> (0x0000000708ef01e0) 
thrown [s\open\src\hotspot\share\runtime\reflection.cpp, line 1121]
Event: 4.888 Thread 0x000001bccd669b20 Exception <a 'java/lang/NoSuchMethodError'{0x0000000708f52958}: 'int java.lang.invoke.DirectMethodHandle$Holder.invokeStatic(java.lang.Object, java.lang.Object, int)'> (0x0000000708f52958) 
thrown [s\open\src\hotspot\share\interpreter\linkResolver.cpp, line 759]
Event: 4.890 Thread 0x000001bccd669b20 Exception <a 'java/lang/NoSuchMethodError'{0x0000000708f6f5e8}: 'java.lang.Object java.lang.invoke.DirectMethodHandle$Holder.newInvokeSpecial(java.lang.Object, java.lang.Object, int)'> (0x0000000708f6f5e8) 
thrown [s\open\src\hotspot\share\interpreter\linkResolver.cpp, line 759]
Event: 4.893 Thread 0x000001bccd669b20 Exception <a 'java/lang/NoSuchMethodError'{0x0000000708f90030}: 'java.lang.Object java.lang.invoke.Invokers$Holder.invoke_MT(java.lang.Object, java.lang.Object, java.lang.Object, java.lang.Object, java.lang.Object, java.lang.Object, java.lang.Object, java.lang.Object, java.lang.Object)'> (0x0000000708f90030) 
thrown [s\open\src\hotspot\share\interpreter\linkResolver.cpp, line 759]
Event: 4.895 Thread 0x000001bccd669b20 Exception <a 'java/lang/IncompatibleClassChangeError'{0x0000000708fb8c70}: Found class java.lang.Object, but interface was expected> (0x0000000708fb8c70) 
thrown [s\open\src\hotspot\share\interpreter\linkResolver.cpp, line 826]
Event: 4.930 Thread 0x000001bccd669b20 Exception <a 'java/lang/NoSuchMethodError'{0x0000000708d3c028}: 'java.lang.Object java.lang.invoke.DirectMethodHandle$Holder.invokeStatic(java.lang.Object, int, java.lang.Object)'> (0x0000000708d3c028) 
thrown [s\open\src\hotspot\share\interpreter\linkResolver.cpp, line 759]
Event: 5.047 Thread 0x000001bccd669b20 Exception <a 'java/lang/IncompatibleClassChangeError'{0x0000000708780348}: Found class java.lang.Object, but interface was expected> (0x0000000708780348) 
thrown [s\open\src\hotspot\share\interpreter\linkResolver.cpp, line 826]
Event: 5.149 Thread 0x000001bccd669b20 Exception <a 'sun/nio/fs/WindowsException'{0x00000007080befb0}> (0x00000007080befb0) 
thrown [s\open\src\hotspot\share\prims\jni.cpp, line 516]
Event: 5.224 Thread 0x000001bccd669b20 Implicit null exception at 0x000001bcdcadcec0 to 0x000001bcdcadd0dc
Event: 5.281 Thread 0x000001bccd669b20 Exception <a 'java/lang/NoSuchMethodError'{0x000000070784f0f8}: 'java.lang.Object java.lang.invoke.DirectMethodHandle$Holder.newInvokeSpecial(java.lang.Object, java.lang.Object, int, java.lang.Object, java.lang.Object)'> (0x000000070784f0f8) 
thrown [s\open\src\hotspot\share\interpreter\linkResolver.cpp, line 759]
Event: 5.282 Thread 0x000001bccd669b20 Exception <a 'java/lang/NoSuchMethodError'{0x000000070785a770}: 'java.lang.Object java.lang.invoke.DirectMethodHandle$Holder.invokeSpecial(java.lang.Object, java.lang.Object, int, java.lang.Object, int, java.lang.Object)'> (0x000000070785a770) 
thrown [s\open\src\hotspot\share\interpreter\linkResolver.cpp, line 759]
Event: 5.282 Thread 0x000001bccd669b20 Exception <a 'java/lang/NoSuchMethodError'{0x0000000707862578}: 'java.lang.Object java.lang.invoke.DirectMethodHandle$Holder.newInvokeSpecial(java.lang.Object, java.lang.Object, int, java.lang.Object, int)'> (0x0000000707862578) 
thrown [s\open\src\hotspot\share\interpreter\linkResolver.cpp, line 759]
Event: 5.283 Thread 0x000001bccd669b20 Exception <a 'java/lang/NoSuchMethodError'{0x0000000707866678}: 'java.lang.Object java.lang.invoke.DirectMethodHandle$Holder.invokeSpecial(java.lang.Object, java.lang.Object, java.lang.Object, int, java.lang.Object, int)'> (0x0000000707866678) 
thrown [s\open\src\hotspot\share\interpreter\linkResolver.cpp, line 759]
Event: 5.313 Thread 0x000001bccd669b20 Implicit null exception at 0x000001bcdcb1408d to 0x000001bcdcb14368
Event: 22.559 Thread 0x000001bcf0d05830 Exception <a 'java/lang/NoSuchMethodError'{0x000000070f406820}: 'java.lang.Object java.lang.invoke.DirectMethodHandle$Holder.invokeSpecial(java.lang.Object, java.lang.Object, java.lang.Object, java.lang.Object, java.lang.Object, long)'> (0x000000070f406820) 
thrown [s\open\src\hotspot\share\interpreter\linkResolver.cpp, line 759]
Event: 22.559 Thread 0x000001bcf0d05830 Exception <a 'java/lang/NoSuchMethodError'{0x000000070f40a260}: 'java.lang.Object java.lang.invoke.Invokers$Holder.linkToTargetMethod(java.lang.Object, java.lang.Object, java.lang.Object, long, java.lang.Object)'> (0x000000070f40a260) 
thrown [s\open\src\hotspot\share\interpreter\linkResolver.cpp, line 759]
Event: 22.722 Thread 0x000001bcf0d05830 Exception <a 'java/lang/ClassNotFoundException'{0x0000000708b4b9d8}: sun/awt/resources/spi/awtProvider> (0x0000000708b4b9d8) 
thrown [s\open\src\hotspot\share\classfile\systemDictionary.cpp, line 256]
Event: 22.727 Thread 0x000001bcf0d05830 Exception <a 'java/io/FileNotFoundException'{0x0000000708b59610}> (0x0000000708b59610) 
thrown [s\open\src\hotspot\share\prims\jni.cpp, line 516]
Event: 22.728 Thread 0x000001bcf0d05830 Exception <a 'java/io/FileNotFoundException'{0x0000000708b5add8}> (0x0000000708b5add8) 
thrown [s\open\src\hotspot\share\prims\jni.cpp, line 516]
Event: 25.350 Thread 0x000001bcf0d05830 Exception <a 'java/lang/NoSuchMethodError'{0x000000070ba043c0}: 'int java.lang.invoke.DirectMethodHandle$Holder.invokeStatic(java.lang.Object, java.lang.Object, int, int)'> (0x000000070ba043c0) 
thrown [s\open\src\hotspot\share\interpreter\linkResolver.cpp, line 759]

VM Operations (20 events):
Event: 76.818 Executing VM operation: G1CollectForAllocation
Event: 76.830 Executing VM operation: G1CollectForAllocation done
Event: 76.854 Executing VM operation: G1CollectForAllocation
Event: 76.863 Executing VM operation: G1CollectForAllocation done
Event: 76.893 Executing VM operation: G1CollectForAllocation
Event: 76.900 Executing VM operation: G1CollectForAllocation done
Event: 76.901 Executing VM operation: G1Concurrent
Event: 76.912 Executing VM operation: G1Concurrent done
Event: 76.933 Executing VM operation: G1CollectForAllocation
Event: 76.938 Executing VM operation: G1CollectForAllocation done
Event: 76.944 Executing VM operation: G1Concurrent
Event: 76.945 Executing VM operation: G1Concurrent done
Event: 77.006 Executing VM operation: G1CollectForAllocation
Event: 77.014 Executing VM operation: G1CollectForAllocation done
Event: 77.079 Executing VM operation: G1CollectForAllocation
Event: 77.085 Executing VM operation: G1CollectForAllocation done
Event: 77.206 Executing VM operation: G1CollectForAllocation
Event: 77.229 Executing VM operation: G1CollectForAllocation done
Event: 77.304 Executing VM operation: G1CollectForAllocation
Event: 77.323 Executing VM operation: G1CollectForAllocation done

Events (20 events):
Event: 25.461 loading class com/sun/imageio/plugins/png/IDATOutputStream
Event: 25.462 loading class com/sun/imageio/plugins/png/IDATOutputStream done
Event: 25.462 loading class java/util/zip/Deflater
Event: 25.464 loading class java/util/zip/Deflater done
Event: 25.466 loading class java/util/zip/Deflater$DeflaterZStreamRef
Event: 25.466 loading class java/util/zip/Deflater$DeflaterZStreamRef done
Event: 25.827 Thread 0x000001bcf3f7ca20 Thread exited: 0x000001bcf3f7ca20
Event: 26.697 Thread 0x000001bcf3f7d440 Thread exited: 0x000001bcf3f7d440
Event: 76.629 loading class com/sun/imageio/plugins/png/PNGImageReader
Event: 76.629 loading class com/sun/imageio/plugins/png/PNGImageReader done
Event: 76.631 loading class com/sun/imageio/plugins/png/PNGImageDataEnumeration
Event: 76.631 loading class com/sun/imageio/plugins/png/PNGImageDataEnumeration done
Event: 76.631 loading class com/sun/imageio/plugins/common/SubImageInputStream
Event: 76.631 loading class com/sun/imageio/plugins/common/SubImageInputStream done
Event: 76.631 loading class com/sun/imageio/plugins/common/InputStreamAdapter
Event: 76.631 loading class com/sun/imageio/plugins/common/InputStreamAdapter done
Event: 76.642 loading class com/sun/imageio/plugins/common/ReaderUtil
Event: 76.643 loading class com/sun/imageio/plugins/common/ReaderUtil done
Event: 76.671 Thread 0x000001bcf3f7de60 Thread added: 0x000001bcf3f7de60
Event: 78.330 Thread 0x000001bcf3f7de60 Thread exited: 0x000001bcf3f7de60


Dynamic libraries:
0x00007ff7c6c30000 - 0x00007ff7c6c40000 	C:\Program Files\Java\jdk-17.0.5\bin\java.exe
0x00007ffb1da50000 - 0x00007ffb1dc67000 	C:\Windows\SYSTEM32\ntdll.dll
0x00007ffb1cc50000 - 0x00007ffb1cd14000 	C:\Windows\System32\KERNEL32.DLL
0x00007ffb1b1b0000 - 0x00007ffb1b556000 	C:\Windows\System32\KERNELBASE.dll
0x00007ffb1b090000 - 0x00007ffb1b1a1000 	C:\Windows\System32\ucrtbase.dll
0x00007ffb03970000 - 0x00007ffb03988000 	C:\Program Files\Java\jdk-17.0.5\bin\jli.dll
0x00007ffafeef0000 - 0x00007ffafef0a000 	C:\Program Files\Java\jdk-17.0.5\bin\VCRUNTIME140.dll
0x00007ffb1cd60000 - 0x00007ffb1ce11000 	C:\Windows\System32\ADVAPI32.dll
0x00007ffb1c8e0000 - 0x00007ffb1c987000 	C:\Windows\System32\msvcrt.dll
0x00007ffb1cf70000 - 0x00007ffb1d015000 	C:\Windows\System32\sechost.dll
0x00007ffb1d460000 - 0x00007ffb1d577000 	C:\Windows\System32\RPCRT4.dll
0x00007ffb1d580000 - 0x00007ffb1d72e000 	C:\Windows\System32\USER32.dll
0x00007ffb1aff0000 - 0x00007ffb1b016000 	C:\Windows\System32\win32u.dll
0x00007ffb1cd30000 - 0x00007ffb1cd59000 	C:\Windows\System32\GDI32.dll
0x00007ffb1b560000 - 0x00007ffb1b678000 	C:\Windows\System32\gdi32full.dll
0x00007ffb1b700000 - 0x00007ffb1b79a000 	C:\Windows\System32\msvcp_win.dll
0x00007ffb02d90000 - 0x00007ffb03023000 	C:\Windows\WinSxS\amd64_microsoft.windows.common-controls_6595b64144ccf1df_6.0.22621.2506_none_270c5ae97388e100\COMCTL32.dll
0x00007ffb11500000 - 0x00007ffb1150a000 	C:\Windows\SYSTEM32\VERSION.dll
0x00007ffb1cbe0000 - 0x00007ffb1cc11000 	C:\Windows\System32\IMM32.DLL
0x00007ffb12b10000 - 0x00007ffb12b1c000 	C:\Program Files\Java\jdk-17.0.5\bin\vcruntime140_1.dll
0x00007ffae1740000 - 0x00007ffae17cd000 	C:\Program Files\Java\jdk-17.0.5\bin\msvcp140.dll
0x00007ffabe450000 - 0x00007ffabf012000 	C:\Program Files\Java\jdk-17.0.5\bin\server\jvm.dll
0x00007ffb1cc20000 - 0x00007ffb1cc28000 	C:\Windows\System32\PSAPI.DLL
0x00007ffb18070000 - 0x00007ffb18079000 	C:\Windows\SYSTEM32\WSOCK32.dll
0x00007ffb1bc20000 - 0x00007ffb1bc91000 	C:\Windows\System32\WS2_32.dll
0x00007ffb120f0000 - 0x00007ffb12124000 	C:\Windows\SYSTEM32\WINMM.dll
0x00007ffb19e80000 - 0x00007ffb19e98000 	C:\Windows\SYSTEM32\kernel.appcore.dll
0x00007ffb0ff00000 - 0x00007ffb0ff0a000 	C:\Program Files\Java\jdk-17.0.5\bin\jimage.dll
0x00007ffb0fcc0000 - 0x00007ffb0fef3000 	C:\Windows\SYSTEM32\DBGHELP.DLL
0x00007ffb1d020000 - 0x00007ffb1d3a9000 	C:\Windows\System32\combase.dll
0x00007ffb1bca0000 - 0x00007ffb1bd77000 	C:\Windows\System32\OLEAUT32.dll
0x00007ffb0a950000 - 0x00007ffb0a982000 	C:\Windows\SYSTEM32\dbgcore.DLL
0x00007ffb1b680000 - 0x00007ffb1b6fa000 	C:\Windows\System32\bcryptPrimitives.dll
0x00007ffb09dc0000 - 0x00007ffb09dce000 	C:\Program Files\Java\jdk-17.0.5\bin\instrument.dll
0x00007ffafee80000 - 0x00007ffafeea5000 	C:\Program Files\Java\jdk-17.0.5\bin\java.dll
0x00007ffadf030000 - 0x00007ffadf106000 	C:\Program Files\Java\jdk-17.0.5\bin\jsvml.dll
0x00007ffb1bfd0000 - 0x00007ffb1c82a000 	C:\Windows\System32\SHELL32.dll
0x00007ffb18ca0000 - 0x00007ffb19596000 	C:\Windows\SYSTEM32\windows.storage.dll
0x00007ffb18b60000 - 0x00007ffb18c9e000 	C:\Windows\SYSTEM32\wintypes.dll
0x00007ffb1d790000 - 0x00007ffb1d883000 	C:\Windows\System32\SHCORE.dll
0x00007ffb1d400000 - 0x00007ffb1d45e000 	C:\Windows\System32\shlwapi.dll
0x00007ffb1acf0000 - 0x00007ffb1ad16000 	C:\Windows\SYSTEM32\profapi.dll
0x00007ffafc730000 - 0x00007ffafc748000 	C:\Program Files\Java\jdk-17.0.5\bin\zip.dll
0x00007ffafeed0000 - 0x00007ffafeee9000 	C:\Program Files\Java\jdk-17.0.5\bin\net.dll
0x00007ffb14b30000 - 0x00007ffb14c67000 	C:\Windows\SYSTEM32\WINHTTP.dll
0x00007ffb1a310000 - 0x00007ffb1a379000 	C:\Windows\system32\mswsock.dll
0x00007ffafc8b0000 - 0x00007ffafc8c6000 	C:\Program Files\Java\jdk-17.0.5\bin\nio.dll
0x00007ffafc180000 - 0x00007ffafc19a000 	C:\Program Files\JetBrains\IntelliJ IDEA Community Edition 2022.3.3\bin\breakgen64.dll
0x00007ffb1a590000 - 0x00007ffb1a5ab000 	C:\Windows\SYSTEM32\CRYPTSP.dll
0x00007ffb19de0000 - 0x00007ffb19e15000 	C:\Windows\system32\rsaenh.dll
0x00007ffb1a420000 - 0x00007ffb1a44c000 	C:\Windows\SYSTEM32\USERENV.dll
0x00007ffb1a770000 - 0x00007ffb1a798000 	C:\Windows\SYSTEM32\bcrypt.dll
0x00007ffb1a580000 - 0x00007ffb1a58c000 	C:\Windows\SYSTEM32\CRYPTBASE.dll
0x00007ffb19870000 - 0x00007ffb1989d000 	C:\Windows\SYSTEM32\IPHLPAPI.DLL
0x00007ffb1d890000 - 0x00007ffb1d899000 	C:\Windows\System32\NSI.dll
0x00007ffb14b10000 - 0x00007ffb14b29000 	C:\Windows\SYSTEM32\dhcpcsvc6.DLL
0x00007ffb14af0000 - 0x00007ffb14b0f000 	C:\Windows\SYSTEM32\dhcpcsvc.DLL
0x00007ffb198a0000 - 0x00007ffb19999000 	C:\Windows\SYSTEM32\DNSAPI.dll
0x00007ffb01ef0000 - 0x00007ffb01efe000 	C:\Program Files\Java\jdk-17.0.5\bin\sunmscapi.dll
0x00007ffb1ae80000 - 0x00007ffb1afe6000 	C:\Windows\System32\CRYPT32.dll
0x00007ffb1a740000 - 0x00007ffb1a76d000 	C:\Windows\SYSTEM32\ncrypt.dll
0x00007ffb1a700000 - 0x00007ffb1a737000 	C:\Windows\SYSTEM32\NTASN1.dll
0x00007ffb03140000 - 0x00007ffb03149000 	C:\Program Files\Java\jdk-17.0.5\bin\management.dll
0x00007ffb03050000 - 0x00007ffb0305b000 	C:\Program Files\Java\jdk-17.0.5\bin\management_ext.dll
0x00007ffb036f0000 - 0x00007ffb03700000 	C:\Program Files\Java\jdk-17.0.5\bin\verify.dll
0x00007ffb0f9f0000 - 0x00007ffb0f9f8000 	C:\Windows\system32\wshunix.dll
0x00007ffaccc20000 - 0x00007ffaccdaf000 	C:\Program Files\Java\jdk-17.0.5\bin\awt.dll
0x00007ffb17df0000 - 0x00007ffb17e87000 	C:\Windows\SYSTEM32\apphelp.dll
0x00007ffaf8890000 - 0x00007ffaf88bd000 	C:\Program Files\Java\jdk-17.0.5\bin\javajpeg.dll
0x0000000064440000 - 0x0000000064457000 	C:\Users\ASUS\Desktop\P2_2023_Test\P2-2023-Project\ImageEffectBackend\Libraries\RotationLibrary\RotationLib.dll
0x0000000061440000 - 0x000000006145a000 	C:\SW\MinGw_Posix\mingw64\bin\libgcc_s_seh-1.dll
0x000000006fc40000 - 0x000000006fda3000 	C:\SW\MinGw_Posix\mingw64\bin\libstdc++-6.dll
0x0000000064940000 - 0x0000000064955000 	C:\SW\MinGw_Posix\mingw64\bin\libwinpthread-1.dll

dbghelp: loaded successfully - version: 4.0.5 - missing functions: none
symbol engine: initialized successfully - sym options: 0x614 - pdb path: .;C:\Program Files\Java\jdk-17.0.5\bin;C:\Windows\SYSTEM32;C:\Windows\WinSxS\amd64_microsoft.windows.common-controls_6595b64144ccf1df_6.0.22621.2506_none_270c5ae97388e100;C:\Program Files\Java\jdk-17.0.5\bin\server;C:\Program Files\JetBrains\IntelliJ IDEA Community Edition 2022.3.3\bin;C:\Users\ASUS\Desktop\P2_2023_Test\P2-2023-Project\ImageEffectBackend\Libraries\RotationLibrary;C:\SW\MinGw_Posix\mingw64\bin

VM Arguments:
jvm_args: -javaagent:C:\Program Files\JetBrains\IntelliJ IDEA Community Edition 2022.3.3\lib\idea_rt.jar=55642:C:\Program Files\JetBrains\IntelliJ IDEA Community Edition 2022.3.3\bin -Dfile.encoding=UTF-8 
java_command: com.iiitb.imageEffectApplication.ImageEffectApplication
java_class_path (initial): C:\Users\ASUS\Desktop\P2_2023_Test\P2-2023-Project\ImageEffectBackend\target\classes;C:\Users\ASUS\.m2\repository\org\springframework\boot\spring-boot-starter-data-jpa\3.1.5\spring-boot-starter-data-jpa-3.1.5.jar;C:\Users\ASUS\.m2\repository\org\springframework\boot\spring-boot-starter-aop\3.1.5\spring-boot-starter-aop-3.1.5.jar;C:\Users\ASUS\.m2\repository\org\springframework\spring-aop\6.0.13\spring-aop-6.0.13.jar;C:\Users\ASUS\.m2\repository\org\aspectj\aspectjweaver\1.9.20\aspectjweaver-1.9.20.jar;C:\Users\ASUS\.m2\repository\org\springframework\boot\spring-boot-starter-jdbc\3.1.5\spring-boot-starter-jdbc-3.1.5.jar;C:\Users\ASUS\.m2\repository\com\zaxxer\HikariCP\5.0.1\HikariCP-5.0.1.jar;C:\Users\ASUS\.m2\repository\org\springframework\spring-jdbc\6.0.13\spring-jdbc-6.0.13.jar;C:\Users\ASUS\.m2\repository\org\hibernate\orm\hibernate-core\6.2.13.Final\hibernate-core-6.2.13.Final.jar;C:\Users\ASUS\.m2\repository\jakarta\persistence\jakarta.persistence-api\3.1.0\jakarta.persistence-api-3.1.0.jar;C:\Users\ASUS\.m2\repository\jakarta\transaction\jakarta.transaction-api\2.0.1\jakarta.transaction-api-2.0.1.jar;C:\Users\ASUS\.m2\repository\org\jboss\logging\jboss-logging\3.5.3.Final\jboss-logging-3.5.3.Final.jar;C:\Users\ASUS\.m2\repository\org\hibernate\common\hibernate-commons-annotations\6.0.6.Final\hibernate-commons-annotations-6.0.6.Final.jar;C:\Users\ASUS\.m2\repository\io\smallrye\jandex\3.0.5\jandex-3.0.5.jar;C:\Users\ASUS\.m2\repository\com\fasterxml\classmate\1.5.1\classmate-1.5.1.jar;C:\Users\ASUS\.m2\repository\net\bytebuddy\byte-buddy\1.14.9\byte-buddy-1.14.9.jar;C:\Users\ASUS\.m2\repository\org\glassfish\jaxb\jaxb-runtime\4.0.3\jaxb-runtime-4.0.3.jar;C:\Users\ASUS\.m2\repository\org\glassfish\jaxb\jaxb-core\4.0.3\jaxb-core-4.0.3.jar;C:\Users\ASUS\.m2\repository\org\eclipse\angus\angus-activation\2.0.1\angus-activation-2.0.1.jar;C:\Users\ASUS\.m2\repository\org\glassfish\jaxb\txw2\4.0.3\txw2-4.0.3.jar;C:\Users\ASUS\.m2\repositor
Launcher Type: SUN_STANDARD

[Global flags]
     intx CICompilerCount                          = 4                                         {product} {ergonomic}
     uint ConcGCThreads                            = 2                                         {product} {ergonomic}
     uint G1ConcRefinementThreads                  = 8                                         {product} {ergonomic}
   size_t G1HeapRegionSize                         = 2097152                                   {product} {ergonomic}
    uintx GCDrainStackTargetSize                   = 64                                        {product} {ergonomic}
   size_t InitialHeapSize                          = 266338304                                 {product} {ergonomic}
   size_t MarkStackSize                            = 4194304                                   {product} {ergonomic}
   size_t MaxHeapSize                              = 4242538496                                {product} {ergonomic}
   size_t MaxNewSize                               = 2543845376                                {product} {ergonomic}
   size_t MinHeapDeltaBytes                        = 2097152                                   {product} {ergonomic}
   size_t MinHeapSize                              = 8388608                                   {product} {ergonomic}
    uintx NonNMethodCodeHeapSize                   = 5839372                                {pd product} {ergonomic}
    uintx NonProfiledCodeHeapSize                  = 122909434                              {pd product} {ergonomic}
    uintx ProfiledCodeHeapSize                     = 122909434                              {pd product} {ergonomic}
    uintx ReservedCodeCacheSize                    = 251658240                              {pd product} {ergonomic}
     bool SegmentedCodeCache                       = true                                      {product} {ergonomic}
   size_t SoftMaxHeapSize                          = 4242538496                             {manageable} {ergonomic}
     bool UseCompressedClassPointers               = true                           {product lp64_product} {ergonomic}
     bool UseCompressedOops                        = true                           {product lp64_product} {ergonomic}
     bool UseG1GC                                  = true                                      {product} {ergonomic}
     bool UseLargePagesIndividualAllocation        = false                                  {pd product} {ergonomic}

Logging:
Log output configuration:
 #0: stdout all=warning uptime,level,tags
 #1: stderr all=off uptime,level,tags

Environment Variables:
PATH=C:\Python311\Scripts\;C:\Python311\;C:\Program Files\Common Files\Oracle\Java\javapath;C:\Windows\system32;C:\Windows;C:\Windows\System32\Wbem;C:\Windows\System32\WindowsPowerShell\v1.0\;C:\Windows\System32\OpenSSH\;C:\Program Files\Cloudflare\Cloudflare WARP\;C:\Program Files\Git\cmd;C:\ProgramData\chocolatey\bin;C:\Users\ASUS\PycharmProjects\TestProjects\venv\Scripts;C:\Program Files\Calibre2\;C:\Program Files\Rancher Desktop\resources\resources\win32\bin\;C:\Program Files\Rancher Desktop\resources\resources\linux\bin\;C:\Software\MATLAB\R2023a\runtime\win64;C:\Software\MATLAB\R2023a\bin;C:\SW\apache-maven-3.9.6\bin;C:\Program Files\nodejs\;C:\SW\jdk-1.8\bin;C:\SW\MinGw_Posix\mingw64\bin;C:\Users\ASUS\AppData\Local\Programs\Python\Python310\Scripts\;C:\Users\ASUS\AppData\Local\Programs\Python\Python310\;C:\Users\ASUS\AppData\Local\Microsoft\WindowsApps;C:\MinGW\bin;;C:\Users\ASUS\AppData\Local\Programs\Microsoft VS Code\bin;C:\Users\ASUS\AppData\Roaming\npm
USERNAME=ASUS
OS=Windows_NT
PROCESSOR_IDENTIFIER=Intel64 Family 6 Model 142 Stepping 12, GenuineIntel



---------------  S Y S T E M  ---------------

OS:
 Windows 11 , 64 bit Build 22621 (10.0.22621.2506)
OS uptime: 10 days 4:46 hours
Hyper-V role detected

CPU: total 8 (initial active 8) (4 cores per cpu, 2 threads per core) family 6 model 142 stepping 12 microcode 0xde, cx8, cmov, fxsr, ht, mmx, 3dnowpref, sse, sse2, sse3, ssse3, sse4.1, sse4.2, popcnt, lzcnt, tsc, tscinvbit, avx, avx2, aes, erms, clmul, bmi1, bmi2, adx, fma, vzeroupper, clflush, clflushopt, hv

Memory: 4k page, system-wide physical 16182M (2066M free)
TotalPageFile size 34945M (AvailPageFile size 4807M)
current process WorkingSet (physical memory assigned to process): 767M, peak: 767M
current process commit charge ("private bytes"): 949M, peak: 949M

vm_info: Java HotSpot(TM) 64-Bit Server VM (17.0.5+9-LTS-191) for windows-amd64 JRE (17.0.5+9-LTS-191), built on Sep 13 2022 17:31:43 by "mach5one" with MS VC++ 16.8 / 16.9 (VS2019)

END.
